[ 2017-11-20T01:38:55+08:00 ] 127.0.0.1 /login
INFO: [ app_init ] --START--
INFO: Run Behavior\BuildLiteBehavior [ RunTime:0.000014s ]
INFO: [ app_init ] --END-- [ RunTime:0.020280s ]
INFO: [ app_begin ] --START--
INFO: Run Behavior\ReadHtmlCacheBehavior [ RunTime:0.024890s ]
INFO: [ app_begin ] --END-- [ RunTime:0.024926s ]

[ 2017-11-20T01:38:59+08:00 ] 127.0.0.1 /login?a=2
INFO: [ app_init ] --START--
INFO: Run Behavior\BuildLiteBehavior [ RunTime:0.000009s ]
INFO: [ app_init ] --END-- [ RunTime:0.000305s ]
INFO: [ app_begin ] --START--
INFO: Run Behavior\ReadHtmlCacheBehavior [ RunTime:0.000276s ]
INFO: [ app_begin ] --END-- [ RunTime:0.000293s ]
ERR: 非法操作:2

[ 2017-11-20T01:39:11+08:00 ] 127.0.0.1 /login/2
INFO: [ app_init ] --START--
INFO: Run Behavior\BuildLiteBehavior [ RunTime:0.000006s ]
INFO: [ app_init ] --END-- [ RunTime:0.000242s ]
INFO: [ app_begin ] --START--
INFO: Run Behavior\ReadHtmlCacheBehavior [ RunTime:0.000291s ]
INFO: [ app_begin ] --END-- [ RunTime:0.000311s ]

[ 2017-11-20T01:39:15+08:00 ] 127.0.0.1 /login/2?b=3
INFO: [ app_init ] --START--
INFO: Run Behavior\BuildLiteBehavior [ RunTime:0.000006s ]
INFO: [ app_init ] --END-- [ RunTime:0.000242s ]
INFO: [ app_begin ] --START--
INFO: Run Behavior\ReadHtmlCacheBehavior [ RunTime:0.000292s ]
INFO: [ app_begin ] --END-- [ RunTime:0.000311s ]

[ 2017-11-20T01:39:32+08:00 ] 127.0.0.1 /login/2?b=3
INFO: [ app_init ] --START--
INFO: Run Behavior\BuildLiteBehavior [ RunTime:0.000007s ]
INFO: [ app_init ] --END-- [ RunTime:0.000497s ]
INFO: [ app_begin ] --START--
INFO: Run Behavior\ReadHtmlCacheBehavior [ RunTime:0.000418s ]
INFO: [ app_begin ] --END-- [ RunTime:0.000444s ]

[ 2017-11-20T01:39:33+08:00 ] 127.0.0.1 /login/2?b=3
INFO: [ app_init ] --START--
INFO: Run Behavior\BuildLiteBehavior [ RunTime:0.000010s ]
INFO: [ app_init ] --END-- [ RunTime:0.000301s ]
INFO: [ app_begin ] --START--
INFO: Run Behavior\ReadHtmlCacheBehavior [ RunTime:0.000488s ]
INFO: [ app_begin ] --END-- [ RunTime:0.000521s ]

[ 2017-11-20T01:39:47+08:00 ] 127.0.0.1 /login/2?b=3
INFO: [ app_init ] --START--
INFO: Run Behavior\BuildLiteBehavior [ RunTime:0.000008s ]
INFO: [ app_init ] --END-- [ RunTime:0.000284s ]
INFO: [ app_begin ] --START--
INFO: Run Behavior\ReadHtmlCacheBehavior [ RunTime:0.000344s ]
INFO: [ app_begin ] --END-- [ RunTime:0.000384s ]
INFO: [ app_end ] --START--
INFO: Run Behavior\ShowPageTraceBehavior [ RunTime:0.081994s ]
INFO: [ app_end ] --END-- [ RunTime:0.082022s ]

[ 2017-11-20T01:40:13+08:00 ] 127.0.0.1 /login/2?b=3
INFO: [ app_init ] --START--
INFO: Run Behavior\BuildLiteBehavior [ RunTime:0.000006s ]
INFO: [ app_init ] --END-- [ RunTime:0.000234s ]
INFO: [ app_begin ] --START--
INFO: Run Behavior\ReadHtmlCacheBehavior [ RunTime:0.000337s ]
INFO: [ app_begin ] --END-- [ RunTime:0.000356s ]

[ 2017-11-20T01:40:32+08:00 ] 127.0.0.1 /login/2?b=3
INFO: [ app_init ] --START--
INFO: Run Behavior\BuildLiteBehavior [ RunTime:0.000005s ]
INFO: [ app_init ] --END-- [ RunTime:0.000244s ]
INFO: [ app_begin ] --START--
INFO: Run Behavior\ReadHtmlCacheBehavior [ RunTime:0.000289s ]
INFO: [ app_begin ] --END-- [ RunTime:0.000307s ]

[ 2017-11-20T01:41:01+08:00 ] 127.0.0.1 /login/5
INFO: [ app_init ] --START--
INFO: Run Behavior\BuildLiteBehavior [ RunTime:0.000007s ]
INFO: [ app_init ] --END-- [ RunTime:0.000313s ]
INFO: [ app_begin ] --START--
INFO: Run Behavior\ReadHtmlCacheBehavior [ RunTime:0.000506s ]
INFO: [ app_begin ] --END-- [ RunTime:0.000525s ]

[ 2017-11-20T01:41:12+08:00 ] 127.0.0.1 /login/d
INFO: [ app_init ] --START--
INFO: Run Behavior\BuildLiteBehavior [ RunTime:0.000008s ]
INFO: [ app_init ] --END-- [ RunTime:0.000350s ]
INFO: [ app_begin ] --START--
INFO: Run Behavior\ReadHtmlCacheBehavior [ RunTime:0.000456s ]
INFO: [ app_begin ] --END-- [ RunTime:0.000479s ]

[ 2017-11-20T01:41:20+08:00 ] 127.0.0.1 /login/dasdasdf
INFO: [ app_init ] --START--
INFO: Run Behavior\BuildLiteBehavior [ RunTime:0.000006s ]
INFO: [ app_init ] --END-- [ RunTime:0.000340s ]
INFO: [ app_begin ] --START--
INFO: Run Behavior\ReadHtmlCacheBehavior [ RunTime:0.000329s ]
INFO: [ app_begin ] --END-- [ RunTime:0.000362s ]

[ 2017-11-20T01:41:54+08:00 ] 127.0.0.1 /login/dasdasdf
INFO: [ app_init ] --START--
INFO: Run Behavior\BuildLiteBehavior [ RunTime:0.000009s ]
INFO: [ app_init ] --END-- [ RunTime:0.000413s ]
INFO: [ app_begin ] --START--
INFO: Run Behavior\ReadHtmlCacheBehavior [ RunTime:0.000312s ]
INFO: [ app_begin ] --END-- [ RunTime:0.000333s ]

[ 2017-11-20T01:42:19+08:00 ] 127.0.0.1 /login/3
INFO: [ app_init ] --START--
INFO: Run Behavior\BuildLiteBehavior [ RunTime:0.000006s ]
INFO: [ app_init ] --END-- [ RunTime:0.000301s ]
INFO: [ app_begin ] --START--
INFO: Run Behavior\ReadHtmlCacheBehavior [ RunTime:0.000289s ]
INFO: [ app_begin ] --END-- [ RunTime:0.000308s ]

[ 2017-11-20T01:42:21+08:00 ] 127.0.0.1 /login/3dsf
INFO: [ app_init ] --START--
INFO: Run Behavior\BuildLiteBehavior [ RunTime:0.000005s ]
INFO: [ app_init ] --END-- [ RunTime:0.000222s ]
INFO: [ app_begin ] --START--
INFO: Run Behavior\ReadHtmlCacheBehavior [ RunTime:0.000294s ]
INFO: [ app_begin ] --END-- [ RunTime:0.000314s ]

[ 2017-11-20T01:42:32+08:00 ] 127.0.0.1 /login/3dsf
INFO: [ app_init ] --START--
INFO: Run Behavior\BuildLiteBehavior [ RunTime:0.000010s ]
INFO: [ app_init ] --END-- [ RunTime:0.000265s ]
INFO: [ app_begin ] --START--
INFO: Run Behavior\ReadHtmlCacheBehavior [ RunTime:0.000299s ]
INFO: [ app_begin ] --END-- [ RunTime:0.000320s ]

[ 2017-11-20T01:42:37+08:00 ] 127.0.0.1 /login/3dsf
INFO: [ app_init ] --START--
INFO: Run Behavior\BuildLiteBehavior [ RunTime:0.000005s ]
INFO: [ app_init ] --END-- [ RunTime:0.000219s ]
INFO: [ app_begin ] --START--
INFO: Run Behavior\ReadHtmlCacheBehavior [ RunTime:0.000282s ]
INFO: [ app_begin ] --END-- [ RunTime:0.000301s ]
ERR: 参数错误或者未定义:id

[ 2017-11-20T01:42:40+08:00 ] 127.0.0.1 /login/3dsf
INFO: [ app_init ] --START--
INFO: Run Behavior\BuildLiteBehavior [ RunTime:0.000005s ]
INFO: [ app_init ] --END-- [ RunTime:0.000226s ]
INFO: [ app_begin ] --START--
INFO: Run Behavior\ReadHtmlCacheBehavior [ RunTime:0.000291s ]
INFO: [ app_begin ] --END-- [ RunTime:0.000310s ]

[ 2017-11-20T01:42:45+08:00 ] 127.0.0.1 /login/3dsf/3
INFO: [ app_init ] --START--
INFO: Run Behavior\BuildLiteBehavior [ RunTime:0.000005s ]
INFO: [ app_init ] --END-- [ RunTime:0.000225s ]
INFO: [ app_begin ] --START--
INFO: Run Behavior\ReadHtmlCacheBehavior [ RunTime:0.000301s ]
INFO: [ app_begin ] --END-- [ RunTime:0.000322s ]

[ 2017-11-20T01:42:53+08:00 ] 127.0.0.1 /login/3dsf/3/2
INFO: [ app_init ] --START--
INFO: Run Behavior\BuildLiteBehavior [ RunTime:0.000006s ]
INFO: [ app_init ] --END-- [ RunTime:0.000238s ]
INFO: [ app_begin ] --START--
INFO: Run Behavior\ReadHtmlCacheBehavior [ RunTime:0.000344s ]
INFO: [ app_begin ] --END-- [ RunTime:0.000380s ]

[ 2017-11-20T01:43:01+08:00 ] 127.0.0.1 /login/3dsf/3/2
INFO: [ app_init ] --START--
INFO: Run Behavior\BuildLiteBehavior [ RunTime:0.000005s ]
INFO: [ app_init ] --END-- [ RunTime:0.000226s ]
INFO: [ app_begin ] --START--
INFO: Run Behavior\ReadHtmlCacheBehavior [ RunTime:0.000290s ]
INFO: [ app_begin ] --END-- [ RunTime:0.000310s ]
INFO: [ app_end ] --START--
INFO: Run Behavior\ShowPageTraceBehavior [ RunTime:0.000427s ]
INFO: [ app_end ] --END-- [ RunTime:0.000446s ]

[ 2017-11-20T01:43:05+08:00 ] 127.0.0.1 /login/3dsf/3/2
INFO: [ app_init ] --START--
INFO: Run Behavior\BuildLiteBehavior [ RunTime:0.000006s ]
INFO: [ app_init ] --END-- [ RunTime:0.000259s ]
INFO: [ app_begin ] --START--
INFO: Run Behavior\ReadHtmlCacheBehavior [ RunTime:0.000341s ]
INFO: [ app_begin ] --END-- [ RunTime:0.000361s ]

[ 2017-11-20T01:43:20+08:00 ] 127.0.0.1 /login/3dsf/id/2
INFO: [ app_init ] --START--
INFO: Run Behavior\BuildLiteBehavior [ RunTime:0.000008s ]
INFO: [ app_init ] --END-- [ RunTime:0.000423s ]
INFO: [ app_begin ] --START--
INFO: Run Behavior\ReadHtmlCacheBehavior [ RunTime:0.000521s ]
INFO: [ app_begin ] --END-- [ RunTime:0.000541s ]

[ 2017-11-20T01:43:24+08:00 ] 127.0.0.1 /login/3dsf/idd/2
INFO: [ app_init ] --START--
INFO: Run Behavior\BuildLiteBehavior [ RunTime:0.000006s ]
INFO: [ app_init ] --END-- [ RunTime:0.000254s ]
INFO: [ app_begin ] --START--
INFO: Run Behavior\ReadHtmlCacheBehavior [ RunTime:0.000366s ]
INFO: [ app_begin ] --END-- [ RunTime:0.000385s ]

[ 2017-11-20T01:43:26+08:00 ] 127.0.0.1 /login/3dsf
INFO: [ app_init ] --START--
INFO: Run Behavior\BuildLiteBehavior [ RunTime:0.000006s ]
INFO: [ app_init ] --END-- [ RunTime:0.000230s ]
INFO: [ app_begin ] --START--
INFO: Run Behavior\ReadHtmlCacheBehavior [ RunTime:0.000394s ]
INFO: [ app_begin ] --END-- [ RunTime:0.000414s ]

[ 2017-11-20T01:44:49+08:00 ] 127.0.0.1 /api/login
INFO: [ app_init ] --START--
INFO: Run Behavior\BuildLiteBehavior [ RunTime:0.000019s ]
INFO: [ app_init ] --END-- [ RunTime:0.000710s ]
INFO: [ app_begin ] --START--
INFO: Run Behavior\ReadHtmlCacheBehavior [ RunTime:0.000492s ]
INFO: [ app_begin ] --END-- [ RunTime:0.000512s ]

[ 2017-11-20T01:44:52+08:00 ] 127.0.0.1 /api/login/2
INFO: [ app_init ] --START--
INFO: Run Behavior\BuildLiteBehavior [ RunTime:0.000006s ]
INFO: [ app_init ] --END-- [ RunTime:0.000232s ]
INFO: [ app_begin ] --START--
INFO: Run Behavior\ReadHtmlCacheBehavior [ RunTime:0.000292s ]
INFO: [ app_begin ] --END-- [ RunTime:0.000311s ]

[ 2017-11-20T01:46:40+08:00 ] 127.0.0.1 /api/login/2
INFO: [ app_init ] --START--
INFO: Run Behavior\BuildLiteBehavior [ RunTime:0.000014s ]
INFO: [ app_init ] --END-- [ RunTime:0.000600s ]
INFO: [ app_begin ] --START--
INFO: Run Behavior\ReadHtmlCacheBehavior [ RunTime:0.000643s ]
INFO: [ app_begin ] --END-- [ RunTime:0.000712s ]

[ 2017-11-20T01:46:41+08:00 ] 127.0.0.1 /api/login/2
INFO: [ app_init ] --START--
INFO: Run Behavior\BuildLiteBehavior [ RunTime:0.000006s ]
INFO: [ app_init ] --END-- [ RunTime:0.000230s ]
INFO: [ app_begin ] --START--
INFO: Run Behavior\ReadHtmlCacheBehavior [ RunTime:0.000300s ]
INFO: [ app_begin ] --END-- [ RunTime:0.000319s ]

[ 2017-11-20T01:47:00+08:00 ] 127.0.0.1 /api/login/2
INFO: [ app_init ] --START--
INFO: Run Behavior\BuildLiteBehavior [ RunTime:0.000007s ]
INFO: [ app_init ] --END-- [ RunTime:0.000282s ]
INFO: [ app_begin ] --START--
INFO: Run Behavior\ReadHtmlCacheBehavior [ RunTime:0.000511s ]
INFO: [ app_begin ] --END-- [ RunTime:0.000533s ]

[ 2017-11-20T01:47:01+08:00 ] 127.0.0.1 /api/login/2
INFO: [ app_init ] --START--
INFO: Run Behavior\BuildLiteBehavior [ RunTime:0.000009s ]
INFO: [ app_init ] --END-- [ RunTime:0.000280s ]
INFO: [ app_begin ] --START--
INFO: Run Behavior\ReadHtmlCacheBehavior [ RunTime:0.000317s ]
INFO: [ app_begin ] --END-- [ RunTime:0.000353s ]

[ 2017-11-20T01:47:01+08:00 ] 127.0.0.1 /api/login/2
INFO: [ app_init ] --START--
INFO: Run Behavior\BuildLiteBehavior [ RunTime:0.000007s ]
INFO: [ app_init ] --END-- [ RunTime:0.000237s ]
INFO: [ app_begin ] --START--
INFO: Run Behavior\ReadHtmlCacheBehavior [ RunTime:0.000324s ]
INFO: [ app_begin ] --END-- [ RunTime:0.000357s ]

[ 2017-11-20T01:47:01+08:00 ] 127.0.0.1 /api/login/2
INFO: [ app_init ] --START--
INFO: Run Behavior\BuildLiteBehavior [ RunTime:0.000006s ]
INFO: [ app_init ] --END-- [ RunTime:0.000235s ]
INFO: [ app_begin ] --START--
INFO: Run Behavior\ReadHtmlCacheBehavior [ RunTime:0.000294s ]
INFO: [ app_begin ] --END-- [ RunTime:0.000313s ]

[ 2017-11-20T01:47:05+08:00 ] 127.0.0.1 /login/2
INFO: [ app_init ] --START--
INFO: Run Behavior\BuildLiteBehavior [ RunTime:0.000007s ]
INFO: [ app_init ] --END-- [ RunTime:0.000258s ]
INFO: [ app_begin ] --START--
INFO: Run Behavior\ReadHtmlCacheBehavior [ RunTime:0.000314s ]
INFO: [ app_begin ] --END-- [ RunTime:0.000334s ]

[ 2017-11-20T01:47:13+08:00 ] 127.0.0.1 /api/login?id=2
INFO: [ app_init ] --START--
INFO: Run Behavior\BuildLiteBehavior [ RunTime:0.000005s ]
INFO: [ app_init ] --END-- [ RunTime:0.000225s ]
INFO: [ app_begin ] --START--
INFO: Run Behavior\ReadHtmlCacheBehavior [ RunTime:0.000481s ]
INFO: [ app_begin ] --END-- [ RunTime:0.000532s ]

[ 2017-11-20T01:47:31+08:00 ] 127.0.0.1 /api/login?id=2
INFO: [ app_init ] --START--
INFO: Run Behavior\BuildLiteBehavior [ RunTime:0.000006s ]
INFO: [ app_init ] --END-- [ RunTime:0.000220s ]
INFO: [ app_begin ] --START--
INFO: Run Behavior\ReadHtmlCacheBehavior [ RunTime:0.000283s ]
INFO: [ app_begin ] --END-- [ RunTime:0.000302s ]

[ 2017-11-20T01:47:38+08:00 ] 127.0.0.1 /login
INFO: [ app_init ] --START--
INFO: Run Behavior\BuildLiteBehavior [ RunTime:0.000007s ]
INFO: [ app_init ] --END-- [ RunTime:0.000240s ]
INFO: [ app_begin ] --START--
INFO: Run Behavior\ReadHtmlCacheBehavior [ RunTime:0.000301s ]
INFO: [ app_begin ] --END-- [ RunTime:0.000320s ]

[ 2017-11-20T01:47:42+08:00 ] 127.0.0.1 /login/id/3
INFO: [ app_init ] --START--
INFO: Run Behavior\BuildLiteBehavior [ RunTime:0.000005s ]
INFO: [ app_init ] --END-- [ RunTime:0.000229s ]
INFO: [ app_begin ] --START--
INFO: Run Behavior\ReadHtmlCacheBehavior [ RunTime:0.000298s ]
INFO: [ app_begin ] --END-- [ RunTime:0.000318s ]

[ 2017-11-20T01:47:48+08:00 ] 127.0.0.1 /login/id
INFO: [ app_init ] --START--
INFO: Run Behavior\BuildLiteBehavior [ RunTime:0.000007s ]
INFO: [ app_init ] --END-- [ RunTime:0.000294s ]
INFO: [ app_begin ] --START--
INFO: Run Behavior\ReadHtmlCacheBehavior [ RunTime:0.000413s ]
INFO: [ app_begin ] --END-- [ RunTime:0.000444s ]

[ 2017-11-20T01:47:50+08:00 ] 127.0.0.1 /login/3
INFO: [ app_init ] --START--
INFO: Run Behavior\BuildLiteBehavior [ RunTime:0.000006s ]
INFO: [ app_init ] --END-- [ RunTime:0.000229s ]
INFO: [ app_begin ] --START--
INFO: Run Behavior\ReadHtmlCacheBehavior [ RunTime:0.000334s ]
INFO: [ app_begin ] --END-- [ RunTime:0.000352s ]

[ 2017-11-20T01:47:56+08:00 ] 127.0.0.1 /login/3
INFO: [ app_init ] --START--
INFO: Run Behavior\BuildLiteBehavior [ RunTime:0.000009s ]
INFO: [ app_init ] --END-- [ RunTime:0.000361s ]
INFO: [ app_begin ] --START--
INFO: Run Behavior\ReadHtmlCacheBehavior [ RunTime:0.000303s ]
INFO: [ app_begin ] --END-- [ RunTime:0.000322s ]

[ 2017-11-20T01:48:57+08:00 ] 127.0.0.1 /login
INFO: [ app_init ] --START--
INFO: Run Behavior\BuildLiteBehavior [ RunTime:0.000006s ]
INFO: [ app_init ] --END-- [ RunTime:0.000269s ]
INFO: [ app_begin ] --START--
INFO: Run Behavior\ReadHtmlCacheBehavior [ RunTime:0.000507s ]
INFO: [ app_begin ] --END-- [ RunTime:0.000527s ]

[ 2017-11-20T01:56:41+08:00 ] 127.0.0.1 /login/id/2
INFO: [ app_init ] --START--
INFO: Run Behavior\BuildLiteBehavior [ RunTime:0.000006s ]
INFO: [ app_init ] --END-- [ RunTime:0.000284s ]
INFO: [ app_begin ] --START--
INFO: Run Behavior\ReadHtmlCacheBehavior [ RunTime:0.000482s ]
INFO: [ app_begin ] --END-- [ RunTime:0.000502s ]

[ 2017-11-20T01:56:47+08:00 ] 127.0.0.1 /api/login/id/2
INFO: [ app_init ] --START--
INFO: Run Behavior\BuildLiteBehavior [ RunTime:0.000006s ]
INFO: [ app_init ] --END-- [ RunTime:0.000282s ]
INFO: [ app_begin ] --START--
INFO: Run Behavior\ReadHtmlCacheBehavior [ RunTime:0.000502s ]
INFO: [ app_begin ] --END-- [ RunTime:0.000521s ]

[ 2017-11-20T01:57:00+08:00 ] 127.0.0.1 /api/login/id/2
INFO: [ app_init ] --START--
INFO: Run Behavior\BuildLiteBehavior [ RunTime:0.000006s ]
INFO: [ app_init ] --END-- [ RunTime:0.000230s ]
INFO: [ app_begin ] --START--
INFO: Run Behavior\ReadHtmlCacheBehavior [ RunTime:0.000294s ]
INFO: [ app_begin ] --END-- [ RunTime:0.000327s ]

[ 2017-11-20T01:57:01+08:00 ] 127.0.0.1 /api/login/id/2
INFO: [ app_init ] --START--
INFO: Run Behavior\BuildLiteBehavior [ RunTime:0.000006s ]
INFO: [ app_init ] --END-- [ RunTime:0.000279s ]
INFO: [ app_begin ] --START--
INFO: Run Behavior\ReadHtmlCacheBehavior [ RunTime:0.001252s ]
INFO: [ app_begin ] --END-- [ RunTime:0.001316s ]

[ 2017-11-20T01:57:07+08:00 ] 127.0.0.1 /login
INFO: [ app_init ] --START--
INFO: Run Behavior\BuildLiteBehavior [ RunTime:0.000005s ]
INFO: [ app_init ] --END-- [ RunTime:0.000244s ]
INFO: [ app_begin ] --START--
INFO: Run Behavior\ReadHtmlCacheBehavior [ RunTime:0.000318s ]
INFO: [ app_begin ] --END-- [ RunTime:0.000340s ]

[ 2017-11-20T01:57:10+08:00 ] 127.0.0.1 /login/2
INFO: [ app_init ] --START--
INFO: Run Behavior\BuildLiteBehavior [ RunTime:0.000005s ]
INFO: [ app_init ] --END-- [ RunTime:0.000272s ]
INFO: [ app_begin ] --START--
INFO: Run Behavior\ReadHtmlCacheBehavior [ RunTime:0.000299s ]
INFO: [ app_begin ] --END-- [ RunTime:0.000318s ]

[ 2017-11-20T01:57:19+08:00 ] 127.0.0.1 /login/2
INFO: [ app_init ] --START--
INFO: Run Behavior\BuildLiteBehavior [ RunTime:0.000005s ]
INFO: [ app_init ] --END-- [ RunTime:0.000229s ]
INFO: [ app_begin ] --START--
INFO: Run Behavior\ReadHtmlCacheBehavior [ RunTime:0.000293s ]
INFO: [ app_begin ] --END-- [ RunTime:0.000313s ]

[ 2017-11-20T01:57:24+08:00 ] 127.0.0.1 /login
INFO: [ app_init ] --START--
INFO: Run Behavior\BuildLiteBehavior [ RunTime:0.000006s ]
INFO: [ app_init ] --END-- [ RunTime:0.000270s ]
INFO: [ app_begin ] --START--
INFO: Run Behavior\ReadHtmlCacheBehavior [ RunTime:0.000286s ]
INFO: [ app_begin ] --END-- [ RunTime:0.000304s ]

[ 2017-11-20T01:57:27+08:00 ] 127.0.0.1 /login/id/2
INFO: [ app_init ] --START--
INFO: Run Behavior\BuildLiteBehavior [ RunTime:0.000005s ]
INFO: [ app_init ] --END-- [ RunTime:0.000226s ]
INFO: [ app_begin ] --START--
INFO: Run Behavior\ReadHtmlCacheBehavior [ RunTime:0.000293s ]
INFO: [ app_begin ] --END-- [ RunTime:0.000312s ]

[ 2017-11-20T01:57:52+08:00 ] 127.0.0.1 /login/id/2
INFO: [ app_init ] --START--
INFO: Run Behavior\BuildLiteBehavior [ RunTime:0.000006s ]
INFO: [ app_init ] --END-- [ RunTime:0.000231s ]
INFO: [ app_begin ] --START--
INFO: Run Behavior\ReadHtmlCacheBehavior [ RunTime:0.000293s ]
INFO: [ app_begin ] --END-- [ RunTime:0.000313s ]

[ 2017-11-20T01:57:59+08:00 ] 127.0.0.1 /login/
INFO: [ app_init ] --START--
INFO: Run Behavior\BuildLiteBehavior [ RunTime:0.000005s ]
INFO: [ app_init ] --END-- [ RunTime:0.000228s ]
INFO: [ app_begin ] --START--
INFO: Run Behavior\ReadHtmlCacheBehavior [ RunTime:0.000303s ]
INFO: [ app_begin ] --END-- [ RunTime:0.000323s ]

[ 2017-11-20T01:58:02+08:00 ] 127.0.0.1 /login/id/2
INFO: [ app_init ] --START--
INFO: Run Behavior\BuildLiteBehavior [ RunTime:0.000005s ]
INFO: [ app_init ] --END-- [ RunTime:0.000232s ]
INFO: [ app_begin ] --START--
INFO: Run Behavior\ReadHtmlCacheBehavior [ RunTime:0.000301s ]
INFO: [ app_begin ] --END-- [ RunTime:0.000320s ]

[ 2017-11-20T01:58:09+08:00 ] 127.0.0.1 /login/id
INFO: [ app_init ] --START--
INFO: Run Behavior\BuildLiteBehavior [ RunTime:0.000006s ]
INFO: [ app_init ] --END-- [ RunTime:0.000304s ]
INFO: [ app_begin ] --START--
INFO: Run Behavior\ReadHtmlCacheBehavior [ RunTime:0.000287s ]
INFO: [ app_begin ] --END-- [ RunTime:0.000306s ]

[ 2017-11-20T01:59:03+08:00 ] 127.0.0.1 /Api/Login/index/id/2
INFO: [ app_init ] --START--
INFO: Run Behavior\BuildLiteBehavior [ RunTime:0.000006s ]
INFO: [ app_init ] --END-- [ RunTime:0.000232s ]

[ 2017-11-20T01:59:03+08:00 ] 127.0.0.1 /Api/Login/index/id/index
INFO: [ app_init ] --START--
INFO: Run Behavior\BuildLiteBehavior [ RunTime:0.000006s ]
INFO: [ app_init ] --END-- [ RunTime:0.000287s ]

[ 2017-11-20T01:59:03+08:00 ] 127.0.0.1 /Api/Login/index/id/index
INFO: [ app_init ] --START--
INFO: Run Behavior\BuildLiteBehavior [ RunTime:0.000005s ]
INFO: [ app_init ] --END-- [ RunTime:0.000227s ]

[ 2017-11-20T01:59:03+08:00 ] 127.0.0.1 /Api/Login/index/id/index
INFO: [ app_init ] --START--
INFO: Run Behavior\BuildLiteBehavior [ RunTime:0.000006s ]
INFO: [ app_init ] --END-- [ RunTime:0.000232s ]

[ 2017-11-20T01:59:03+08:00 ] 127.0.0.1 /Api/Login/index/id/index
INFO: [ app_init ] --START--
INFO: Run Behavior\BuildLiteBehavior [ RunTime:0.000008s ]
INFO: [ app_init ] --END-- [ RunTime:0.000253s ]

[ 2017-11-20T01:59:03+08:00 ] 127.0.0.1 /Api/Login/index/id/index
INFO: [ app_init ] --START--
INFO: Run Behavior\BuildLiteBehavior [ RunTime:0.000006s ]
INFO: [ app_init ] --END-- [ RunTime:0.000241s ]

[ 2017-11-20T01:59:03+08:00 ] 127.0.0.1 /Api/Login/index/id/index
INFO: [ app_init ] --START--
INFO: Run Behavior\BuildLiteBehavior [ RunTime:0.000007s ]
INFO: [ app_init ] --END-- [ RunTime:0.000377s ]

[ 2017-11-20T01:59:03+08:00 ] 127.0.0.1 /Api/Login/index/id/index
INFO: [ app_init ] --START--
INFO: Run Behavior\BuildLiteBehavior [ RunTime:0.000006s ]
INFO: [ app_init ] --END-- [ RunTime:0.000242s ]

[ 2017-11-20T01:59:03+08:00 ] 127.0.0.1 /Api/Login/index/id/index
INFO: [ app_init ] --START--
INFO: Run Behavior\BuildLiteBehavior [ RunTime:0.000014s ]
INFO: [ app_init ] --END-- [ RunTime:0.000257s ]

[ 2017-11-20T01:59:03+08:00 ] 127.0.0.1 /Api/Login/index/id/index
INFO: [ app_init ] --START--
INFO: Run Behavior\BuildLiteBehavior [ RunTime:0.000006s ]
INFO: [ app_init ] --END-- [ RunTime:0.000229s ]

[ 2017-11-20T01:59:03+08:00 ] 127.0.0.1 /Api/Login/index/id/index
INFO: [ app_init ] --START--
INFO: Run Behavior\BuildLiteBehavior [ RunTime:0.000006s ]
INFO: [ app_init ] --END-- [ RunTime:0.000246s ]

[ 2017-11-20T01:59:04+08:00 ] 127.0.0.1 /Api/Login/index/id/index
INFO: [ app_init ] --START--
INFO: Run Behavior\BuildLiteBehavior [ RunTime:0.000005s ]
INFO: [ app_init ] --END-- [ RunTime:0.000226s ]

[ 2017-11-20T01:59:04+08:00 ] 127.0.0.1 /Api/Login/index/id/index
INFO: [ app_init ] --START--
INFO: Run Behavior\BuildLiteBehavior [ RunTime:0.000006s ]
INFO: [ app_init ] --END-- [ RunTime:0.000226s ]

[ 2017-11-20T01:59:04+08:00 ] 127.0.0.1 /Api/Login/index/id/index
INFO: [ app_init ] --START--
INFO: Run Behavior\BuildLiteBehavior [ RunTime:0.000006s ]
INFO: [ app_init ] --END-- [ RunTime:0.000270s ]

[ 2017-11-20T01:59:04+08:00 ] 127.0.0.1 /Api/Login/index/id/index
INFO: [ app_init ] --START--
INFO: Run Behavior\BuildLiteBehavior [ RunTime:0.000007s ]
INFO: [ app_init ] --END-- [ RunTime:0.000287s ]

[ 2017-11-20T01:59:04+08:00 ] 127.0.0.1 /Api/Login/index/id/index
INFO: [ app_init ] --START--
INFO: Run Behavior\BuildLiteBehavior [ RunTime:0.000016s ]
INFO: [ app_init ] --END-- [ RunTime:0.000275s ]

[ 2017-11-20T01:59:04+08:00 ] 127.0.0.1 /Api/Login/index/id/index
INFO: [ app_init ] --START--
INFO: Run Behavior\BuildLiteBehavior [ RunTime:0.000008s ]
INFO: [ app_init ] --END-- [ RunTime:0.000332s ]

[ 2017-11-20T01:59:04+08:00 ] 127.0.0.1 /Api/Login/index/id/index
INFO: [ app_init ] --START--
INFO: Run Behavior\BuildLiteBehavior [ RunTime:0.000007s ]
INFO: [ app_init ] --END-- [ RunTime:0.000281s ]

[ 2017-11-20T01:59:04+08:00 ] 127.0.0.1 /Api/Login/index/id/index
INFO: [ app_init ] --START--
INFO: Run Behavior\BuildLiteBehavior [ RunTime:0.000006s ]
INFO: [ app_init ] --END-- [ RunTime:0.000233s ]

[ 2017-11-20T01:59:04+08:00 ] 127.0.0.1 /Api/Login/index/id/index
INFO: [ app_init ] --START--
INFO: Run Behavior\BuildLiteBehavior [ RunTime:0.000007s ]
INFO: [ app_init ] --END-- [ RunTime:0.000333s ]

[ 2017-11-20T01:59:04+08:00 ] 127.0.0.1 /Api/Login/index/id/index
INFO: [ app_init ] --START--
INFO: Run Behavior\BuildLiteBehavior [ RunTime:0.000005s ]
INFO: [ app_init ] --END-- [ RunTime:0.000246s ]

[ 2017-11-20T01:59:04+08:00 ] 127.0.0.1 /Api/Login/index/id/index
INFO: [ app_init ] --START--
INFO: Run Behavior\BuildLiteBehavior [ RunTime:0.000005s ]
INFO: [ app_init ] --END-- [ RunTime:0.000278s ]

[ 2017-11-20T01:59:04+08:00 ] 127.0.0.1 /Api/Login/index/id/index
INFO: [ app_init ] --START--
INFO: Run Behavior\BuildLiteBehavior [ RunTime:0.000006s ]
INFO: [ app_init ] --END-- [ RunTime:0.000290s ]

[ 2017-11-20T01:59:04+08:00 ] 127.0.0.1 /Api/Login/index/id/index
INFO: [ app_init ] --START--
INFO: Run Behavior\BuildLiteBehavior [ RunTime:0.000006s ]
INFO: [ app_init ] --END-- [ RunTime:0.000239s ]

[ 2017-11-20T01:59:04+08:00 ] 127.0.0.1 /Api/Login/index/id/index
INFO: [ app_init ] --START--
INFO: Run Behavior\BuildLiteBehavior [ RunTime:0.000005s ]
INFO: [ app_init ] --END-- [ RunTime:0.000266s ]

[ 2017-11-20T01:59:04+08:00 ] 127.0.0.1 /Api/Login/index/id/index
INFO: [ app_init ] --START--
INFO: Run Behavior\BuildLiteBehavior [ RunTime:0.000007s ]
INFO: [ app_init ] --END-- [ RunTime:0.000244s ]

[ 2017-11-20T01:59:04+08:00 ] 127.0.0.1 /Api/Login/index/id/index
INFO: [ app_init ] --START--
INFO: Run Behavior\BuildLiteBehavior [ RunTime:0.000009s ]
INFO: [ app_init ] --END-- [ RunTime:0.000343s ]

[ 2017-11-20T01:59:04+08:00 ] 127.0.0.1 /Api/Login/index/id/index
INFO: [ app_init ] --START--
INFO: Run Behavior\BuildLiteBehavior [ RunTime:0.000005s ]
INFO: [ app_init ] --END-- [ RunTime:0.000225s ]

[ 2017-11-20T01:59:04+08:00 ] 127.0.0.1 /Api/Login/index/id/index
INFO: [ app_init ] --START--
INFO: Run Behavior\BuildLiteBehavior [ RunTime:0.000007s ]
INFO: [ app_init ] --END-- [ RunTime:0.000297s ]

[ 2017-11-20T01:59:04+08:00 ] 127.0.0.1 /Api/Login/index/id/index
INFO: [ app_init ] --START--
INFO: Run Behavior\BuildLiteBehavior [ RunTime:0.000006s ]
INFO: [ app_init ] --END-- [ RunTime:0.000242s ]

[ 2017-11-20T01:59:04+08:00 ] 127.0.0.1 /Api/Login/index/id/index
INFO: [ app_init ] --START--
INFO: Run Behavior\BuildLiteBehavior [ RunTime:0.000006s ]
INFO: [ app_init ] --END-- [ RunTime:0.000242s ]

[ 2017-11-20T01:59:04+08:00 ] 127.0.0.1 /Api/Login/index/id/index
INFO: [ app_init ] --START--
INFO: Run Behavior\BuildLiteBehavior [ RunTime:0.000006s ]
INFO: [ app_init ] --END-- [ RunTime:0.000220s ]

[ 2017-11-20T01:59:04+08:00 ] 127.0.0.1 /Api/Login/index/id/index
INFO: [ app_init ] --START--
INFO: Run Behavior\BuildLiteBehavior [ RunTime:0.000006s ]
INFO: [ app_init ] --END-- [ RunTime:0.000258s ]

[ 2017-11-20T01:59:04+08:00 ] 127.0.0.1 /Api/Login/index/id/index
INFO: [ app_init ] --START--
INFO: Run Behavior\BuildLiteBehavior [ RunTime:0.000006s ]
INFO: [ app_init ] --END-- [ RunTime:0.000232s ]

[ 2017-11-20T01:59:04+08:00 ] 127.0.0.1 /Api/Login/index/id/index
INFO: [ app_init ] --START--
INFO: Run Behavior\BuildLiteBehavior [ RunTime:0.000010s ]
INFO: [ app_init ] --END-- [ RunTime:0.000243s ]

[ 2017-11-20T01:59:04+08:00 ] 127.0.0.1 /Api/Login/index/id/index
INFO: [ app_init ] --START--
INFO: Run Behavior\BuildLiteBehavior [ RunTime:0.000005s ]
INFO: [ app_init ] --END-- [ RunTime:0.000230s ]

[ 2017-11-20T01:59:04+08:00 ] 127.0.0.1 /Api/Login/index/id/index
INFO: [ app_init ] --START--
INFO: Run Behavior\BuildLiteBehavior [ RunTime:0.000006s ]
INFO: [ app_init ] --END-- [ RunTime:0.000225s ]

[ 2017-11-20T01:59:04+08:00 ] 127.0.0.1 /Api/Login/index/id/index
INFO: [ app_init ] --START--
INFO: Run Behavior\BuildLiteBehavior [ RunTime:0.000006s ]
INFO: [ app_init ] --END-- [ RunTime:0.000228s ]

[ 2017-11-20T01:59:04+08:00 ] 127.0.0.1 /Api/Login/index/id/index
INFO: [ app_init ] --START--
INFO: Run Behavior\BuildLiteBehavior [ RunTime:0.000005s ]
INFO: [ app_init ] --END-- [ RunTime:0.000231s ]

[ 2017-11-20T01:59:04+08:00 ] 127.0.0.1 /Api/Login/index/id/index
INFO: [ app_init ] --START--
INFO: Run Behavior\BuildLiteBehavior [ RunTime:0.000005s ]
INFO: [ app_init ] --END-- [ RunTime:0.000228s ]

[ 2017-11-20T01:59:04+08:00 ] 127.0.0.1 /Api/Login/index/id/index
INFO: [ app_init ] --START--
INFO: Run Behavior\BuildLiteBehavior [ RunTime:0.000010s ]
INFO: [ app_init ] --END-- [ RunTime:0.000445s ]

[ 2017-11-20T01:59:10+08:00 ] 127.0.0.1 /Api/Login/index/id/index
INFO: [ app_init ] --START--
INFO: Run Behavior\BuildLiteBehavior [ RunTime:0.000007s ]
INFO: [ app_init ] --END-- [ RunTime:0.000239s ]
INFO: [ app_begin ] --START--
INFO: Run Behavior\ReadHtmlCacheBehavior [ RunTime:0.000482s ]
INFO: [ app_begin ] --END-- [ RunTime:0.000502s ]
ERR: 无法加载控制器:Id

[ 2017-11-20T01:59:17+08:00 ] 127.0.0.1 /Api/Login/index/id/index
INFO: [ app_init ] --START--
INFO: Run Behavior\BuildLiteBehavior [ RunTime:0.000005s ]
INFO: [ app_init ] --END-- [ RunTime:0.000228s ]
INFO: [ app_begin ] --START--
INFO: Run Behavior\ReadHtmlCacheBehavior [ RunTime:0.000460s ]
INFO: [ app_begin ] --END-- [ RunTime:0.000479s ]
ERR: 无法加载控制器:Id

[ 2017-11-20T01:59:22+08:00 ] 127.0.0.1 /Api/Login/index/id/index
INFO: [ app_init ] --START--
INFO: Run Behavior\BuildLiteBehavior [ RunTime:0.000007s ]
INFO: [ app_init ] --END-- [ RunTime:0.000240s ]
INFO: [ app_begin ] --START--
INFO: Run Behavior\ReadHtmlCacheBehavior [ RunTime:0.000306s ]
INFO: [ app_begin ] --END-- [ RunTime:0.000326s ]
ERR: 无法加载控制器:Id

[ 2017-11-20T01:59:37+08:00 ] 127.0.0.1 /Api/Login/index
INFO: [ app_init ] --START--
INFO: Run Behavior\BuildLiteBehavior [ RunTime:0.000006s ]
INFO: [ app_init ] --END-- [ RunTime:0.000275s ]
INFO: [ app_begin ] --START--
INFO: Run Behavior\ReadHtmlCacheBehavior [ RunTime:0.000406s ]
INFO: [ app_begin ] --END-- [ RunTime:0.000428s ]
ERR: 无法加载控制器:Id

[ 2017-11-20T01:59:42+08:00 ] 127.0.0.1 /Api/Login/index/id
INFO: [ app_init ] --START--
INFO: Run Behavior\BuildLiteBehavior [ RunTime:0.000006s ]
INFO: [ app_init ] --END-- [ RunTime:0.000227s ]
INFO: [ app_begin ] --START--
INFO: Run Behavior\ReadHtmlCacheBehavior [ RunTime:0.000293s ]
INFO: [ app_begin ] --END-- [ RunTime:0.000312s ]
ERR: 无法加载控制器:Id

[ 2017-11-20T01:59:45+08:00 ] 127.0.0.1 /Api/Login/index/id/index
INFO: [ app_init ] --START--
INFO: Run Behavior\BuildLiteBehavior [ RunTime:0.000006s ]
INFO: [ app_init ] --END-- [ RunTime:0.000226s ]
INFO: [ app_begin ] --START--
INFO: Run Behavior\ReadHtmlCacheBehavior [ RunTime:0.000291s ]
INFO: [ app_begin ] --END-- [ RunTime:0.000313s ]
ERR: 无法加载控制器:Id

[ 2017-11-20T01:59:48+08:00 ] 127.0.0.1 /Api/Login/index/id/3
INFO: [ app_init ] --START--
INFO: Run Behavior\BuildLiteBehavior [ RunTime:0.000005s ]
INFO: [ app_init ] --END-- [ RunTime:0.000228s ]
INFO: [ app_begin ] --START--
INFO: Run Behavior\ReadHtmlCacheBehavior [ RunTime:0.000294s ]
INFO: [ app_begin ] --END-- [ RunTime:0.000312s ]
ERR: 无法加载控制器:Id

[ 2017-11-20T01:59:51+08:00 ] 127.0.0.1 /Api/Login/index/id/index
INFO: [ app_init ] --START--
INFO: Run Behavior\BuildLiteBehavior [ RunTime:0.000006s ]
INFO: [ app_init ] --END-- [ RunTime:0.000230s ]
INFO: [ app_begin ] --START--
INFO: Run Behavior\ReadHtmlCacheBehavior [ RunTime:0.000294s ]
INFO: [ app_begin ] --END-- [ RunTime:0.000313s ]
ERR: 无法加载控制器:Id

[ 2017-11-20T01:59:54+08:00 ] 127.0.0.1 /Api/Login/index/id/index/2
INFO: [ app_init ] --START--
INFO: Run Behavior\BuildLiteBehavior [ RunTime:0.000006s ]
INFO: [ app_init ] --END-- [ RunTime:0.000229s ]
INFO: [ app_begin ] --START--
INFO: Run Behavior\ReadHtmlCacheBehavior [ RunTime:0.000297s ]
INFO: [ app_begin ] --END-- [ RunTime:0.000316s ]
ERR: 无法加载控制器:Id

[ 2017-11-20T01:59:56+08:00 ] 127.0.0.1 /Api/Login/index/id/index/2/2
INFO: [ app_init ] --START--
INFO: Run Behavior\BuildLiteBehavior [ RunTime:0.000005s ]
INFO: [ app_init ] --END-- [ RunTime:0.000252s ]
INFO: [ app_begin ] --START--
INFO: Run Behavior\ReadHtmlCacheBehavior [ RunTime:0.000293s ]
INFO: [ app_begin ] --END-- [ RunTime:0.000313s ]
ERR: 无法加载控制器:Id

[ 2017-11-20T02:00:15+08:00 ] 127.0.0.1 /Api/Login/index/id/index/2/2
INFO: [ app_init ] --START--
INFO: Run Behavior\BuildLiteBehavior [ RunTime:0.000006s ]
INFO: [ app_init ] --END-- [ RunTime:0.000235s ]
INFO: [ app_begin ] --START--
INFO: Run Behavior\ReadHtmlCacheBehavior [ RunTime:0.000351s ]
INFO: [ app_begin ] --END-- [ RunTime:0.000370s ]

[ 2017-11-20T02:00:26+08:00 ] 127.0.0.1 /login
INFO: [ app_init ] --START--
INFO: Run Behavior\BuildLiteBehavior [ RunTime:0.000005s ]
INFO: [ app_init ] --END-- [ RunTime:0.000224s ]
INFO: [ app_begin ] --START--
INFO: Run Behavior\ReadHtmlCacheBehavior [ RunTime:0.000310s ]
INFO: [ app_begin ] --END-- [ RunTime:0.000334s ]

[ 2017-11-20T02:00:29+08:00 ] 127.0.0.1 /Api/Login/index/id/index
INFO: [ app_init ] --START--
INFO: Run Behavior\BuildLiteBehavior [ RunTime:0.000005s ]
INFO: [ app_init ] --END-- [ RunTime:0.000223s ]
INFO: [ app_begin ] --START--
INFO: Run Behavior\ReadHtmlCacheBehavior [ RunTime:0.000291s ]
INFO: [ app_begin ] --END-- [ RunTime:0.000310s ]

[ 2017-11-20T02:00:36+08:00 ] 127.0.0.1 /Api/Login/index/id/index
INFO: [ app_init ] --START--
INFO: Run Behavior\BuildLiteBehavior [ RunTime:0.000005s ]
INFO: [ app_init ] --END-- [ RunTime:0.000219s ]
INFO: [ app_begin ] --START--
INFO: Run Behavior\ReadHtmlCacheBehavior [ RunTime:0.000284s ]
INFO: [ app_begin ] --END-- [ RunTime:0.000302s ]

[ 2017-11-20T02:00:43+08:00 ] 127.0.0.1 /login/123
INFO: [ app_init ] --START--
INFO: Run Behavior\BuildLiteBehavior [ RunTime:0.000006s ]
INFO: [ app_init ] --END-- [ RunTime:0.000264s ]
INFO: [ app_begin ] --START--
INFO: Run Behavior\ReadHtmlCacheBehavior [ RunTime:0.000311s ]
INFO: [ app_begin ] --END-- [ RunTime:0.000330s ]

[ 2017-11-20T02:00:54+08:00 ] 127.0.0.1 /login/id/123
INFO: [ app_init ] --START--
INFO: Run Behavior\BuildLiteBehavior [ RunTime:0.000006s ]
INFO: [ app_init ] --END-- [ RunTime:0.000275s ]
INFO: [ app_begin ] --START--
INFO: Run Behavior\ReadHtmlCacheBehavior [ RunTime:0.000288s ]
INFO: [ app_begin ] --END-- [ RunTime:0.000308s ]

[ 2017-11-20T02:07:34+08:00 ] 127.0.0.1 /login/3/
INFO: [ app_init ] --START--
INFO: Run Behavior\BuildLiteBehavior [ RunTime:0.000006s ]
INFO: [ app_init ] --END-- [ RunTime:0.000236s ]
INFO: [ app_begin ] --START--
INFO: Run Behavior\ReadHtmlCacheBehavior [ RunTime:0.000291s ]
INFO: [ app_begin ] --END-- [ RunTime:0.000310s ]

[ 2017-11-20T02:07:43+08:00 ] 127.0.0.1 /login/3
INFO: [ app_init ] --START--
INFO: Run Behavior\BuildLiteBehavior [ RunTime:0.000006s ]
INFO: [ app_init ] --END-- [ RunTime:0.000230s ]
INFO: [ app_begin ] --START--
INFO: Run Behavior\ReadHtmlCacheBehavior [ RunTime:0.000292s ]
INFO: [ app_begin ] --END-- [ RunTime:0.000312s ]

[ 2017-11-20T02:07:54+08:00 ] 127.0.0.1 /login/3
INFO: [ app_init ] --START--
INFO: Run Behavior\BuildLiteBehavior [ RunTime:0.000006s ]
INFO: [ app_init ] --END-- [ RunTime:0.000359s ]
INFO: [ app_begin ] --START--
INFO: Run Behavior\ReadHtmlCacheBehavior [ RunTime:0.000512s ]
INFO: [ app_begin ] --END-- [ RunTime:0.000535s ]

[ 2017-11-20T02:07:59+08:00 ] 127.0.0.1 /login
INFO: [ app_init ] --START--
INFO: Run Behavior\BuildLiteBehavior [ RunTime:0.000006s ]
INFO: [ app_init ] --END-- [ RunTime:0.000230s ]
INFO: [ app_begin ] --START--
INFO: Run Behavior\ReadHtmlCacheBehavior [ RunTime:0.000372s ]
INFO: [ app_begin ] --END-- [ RunTime:0.000390s ]

[ 2017-11-20T02:08:30+08:00 ] 127.0.0.1 /login
INFO: [ app_init ] --START--
INFO: Run Behavior\BuildLiteBehavior [ RunTime:0.000007s ]
INFO: [ app_init ] --END-- [ RunTime:0.000344s ]
INFO: [ app_begin ] --START--
INFO: Run Behavior\ReadHtmlCacheBehavior [ RunTime:0.000308s ]
INFO: [ app_begin ] --END-- [ RunTime:0.000328s ]

[ 2017-11-20T02:08:32+08:00 ] 127.0.0.1 /login//2
INFO: [ app_init ] --START--
INFO: Run Behavior\BuildLiteBehavior [ RunTime:0.000005s ]
INFO: [ app_init ] --END-- [ RunTime:0.000224s ]
INFO: [ app_begin ] --START--
INFO: Run Behavior\ReadHtmlCacheBehavior [ RunTime:0.000323s ]
INFO: [ app_begin ] --END-- [ RunTime:0.000342s ]

[ 2017-11-20T02:08:35+08:00 ] 127.0.0.1 /Api/Login/index/id/index
INFO: [ app_init ] --START--
INFO: Run Behavior\BuildLiteBehavior [ RunTime:0.000005s ]
INFO: [ app_init ] --END-- [ RunTime:0.000311s ]
INFO: [ app_begin ] --START--
INFO: Run Behavior\ReadHtmlCacheBehavior [ RunTime:0.000360s ]
INFO: [ app_begin ] --END-- [ RunTime:0.000379s ]
ERR: 无法加载控制器:Id

[ 2017-11-20T02:08:39+08:00 ] 127.0.0.1 /login/3
INFO: [ app_init ] --START--
INFO: Run Behavior\BuildLiteBehavior [ RunTime:0.000006s ]
INFO: [ app_init ] --END-- [ RunTime:0.000265s ]
INFO: [ app_begin ] --START--
INFO: Run Behavior\ReadHtmlCacheBehavior [ RunTime:0.000299s ]
INFO: [ app_begin ] --END-- [ RunTime:0.000318s ]

[ 2017-11-20T02:08:42+08:00 ] 127.0.0.1 /login/2332
INFO: [ app_init ] --START--
INFO: Run Behavior\BuildLiteBehavior [ RunTime:0.000006s ]
INFO: [ app_init ] --END-- [ RunTime:0.000303s ]
INFO: [ app_begin ] --START--
INFO: Run Behavior\ReadHtmlCacheBehavior [ RunTime:0.000350s ]
INFO: [ app_begin ] --END-- [ RunTime:0.000369s ]

[ 2017-11-20T02:08:44+08:00 ] 127.0.0.1 /login
INFO: [ app_init ] --START--
INFO: Run Behavior\BuildLiteBehavior [ RunTime:0.000006s ]
INFO: [ app_init ] --END-- [ RunTime:0.000236s ]
INFO: [ app_begin ] --START--
INFO: Run Behavior\ReadHtmlCacheBehavior [ RunTime:0.000304s ]
INFO: [ app_begin ] --END-- [ RunTime:0.000324s ]

[ 2017-11-20T02:09:01+08:00 ] 127.0.0.1 /Api/Login/index/id/index
INFO: [ app_init ] --START--
INFO: Run Behavior\BuildLiteBehavior [ RunTime:0.000006s ]
INFO: [ app_init ] --END-- [ RunTime:0.000273s ]
INFO: [ app_begin ] --START--
INFO: Run Behavior\ReadHtmlCacheBehavior [ RunTime:0.000430s ]
INFO: [ app_begin ] --END-- [ RunTime:0.000450s ]
ERR: 无法加载控制器:Id

[ 2017-11-20T02:09:13+08:00 ] 127.0.0.1 /Api/Login/index/id/index
INFO: [ app_init ] --START--
INFO: Run Behavior\BuildLiteBehavior [ RunTime:0.000005s ]
INFO: [ app_init ] --END-- [ RunTime:0.000220s ]
INFO: [ app_begin ] --START--
INFO: Run Behavior\ReadHtmlCacheBehavior [ RunTime:0.000367s ]
INFO: [ app_begin ] --END-- [ RunTime:0.000385s ]
ERR: 无法加载控制器:Id

[ 2017-11-20T02:09:33+08:00 ] 127.0.0.1 /login
INFO: [ app_init ] --START--
INFO: Run Behavior\BuildLiteBehavior [ RunTime:0.000006s ]
INFO: [ app_init ] --END-- [ RunTime:0.000281s ]
INFO: [ app_begin ] --START--
INFO: Run Behavior\ReadHtmlCacheBehavior [ RunTime:0.000282s ]
INFO: [ app_begin ] --END-- [ RunTime:0.000301s ]

[ 2017-11-20T02:09:35+08:00 ] 127.0.0.1 /login/2
INFO: [ app_init ] --START--
INFO: Run Behavior\BuildLiteBehavior [ RunTime:0.000007s ]
INFO: [ app_init ] --END-- [ RunTime:0.000274s ]
INFO: [ app_begin ] --START--
INFO: Run Behavior\ReadHtmlCacheBehavior [ RunTime:0.000507s ]
INFO: [ app_begin ] --END-- [ RunTime:0.000540s ]

[ 2017-11-20T02:09:44+08:00 ] 127.0.0.1 /login/2/3
INFO: [ app_init ] --START--
INFO: Run Behavior\BuildLiteBehavior [ RunTime:0.000027s ]
INFO: [ app_init ] --END-- [ RunTime:0.000368s ]
INFO: [ app_begin ] --START--
INFO: Run Behavior\ReadHtmlCacheBehavior [ RunTime:0.000668s ]
INFO: [ app_begin ] --END-- [ RunTime:0.000722s ]

[ 2017-11-20T02:09:48+08:00 ] 127.0.0.1 /login/2?a=2
INFO: [ app_init ] --START--
INFO: Run Behavior\BuildLiteBehavior [ RunTime:0.000005s ]
INFO: [ app_init ] --END-- [ RunTime:0.000227s ]
INFO: [ app_begin ] --START--
INFO: Run Behavior\ReadHtmlCacheBehavior [ RunTime:0.000297s ]
INFO: [ app_begin ] --END-- [ RunTime:0.000316s ]
ERR: 非法操作:2

[ 2017-11-20T02:09:53+08:00 ] 127.0.0.1 /login/2?ad=2
INFO: [ app_init ] --START--
INFO: Run Behavior\BuildLiteBehavior [ RunTime:0.000006s ]
INFO: [ app_init ] --END-- [ RunTime:0.000323s ]
INFO: [ app_begin ] --START--
INFO: Run Behavior\ReadHtmlCacheBehavior [ RunTime:0.000356s ]
INFO: [ app_begin ] --END-- [ RunTime:0.000385s ]

[ 2017-11-20T02:09:57+08:00 ] 127.0.0.1 /login/2?ad=23
INFO: [ app_init ] --START--
INFO: Run Behavior\BuildLiteBehavior [ RunTime:0.000006s ]
INFO: [ app_init ] --END-- [ RunTime:0.000326s ]
INFO: [ app_begin ] --START--
INFO: Run Behavior\ReadHtmlCacheBehavior [ RunTime:0.000428s ]
INFO: [ app_begin ] --END-- [ RunTime:0.000448s ]

[ 2017-11-20T02:10:02+08:00 ] 127.0.0.1 /login
INFO: [ app_init ] --START--
INFO: Run Behavior\BuildLiteBehavior [ RunTime:0.000006s ]
INFO: [ app_init ] --END-- [ RunTime:0.000263s ]
INFO: [ app_begin ] --START--
INFO: Run Behavior\ReadHtmlCacheBehavior [ RunTime:0.000295s ]
INFO: [ app_begin ] --END-- [ RunTime:0.000313s ]

[ 2017-11-20T02:15:17+08:00 ] 127.0.0.1 /login/2
INFO: [ app_init ] --START--
INFO: Run Behavior\BuildLiteBehavior [ RunTime:0.000006s ]
INFO: [ app_init ] --END-- [ RunTime:0.000293s ]
INFO: [ app_begin ] --START--
INFO: Run Behavior\ReadHtmlCacheBehavior [ RunTime:0.000323s ]
INFO: [ app_begin ] --END-- [ RunTime:0.000343s ]

[ 2017-11-20T02:22:51+08:00 ] 127.0.0.1 /login/2
INFO: [ app_init ] --START--
INFO: Run Behavior\BuildLiteBehavior [ RunTime:0.000010s ]
INFO: [ app_init ] --END-- [ RunTime:0.000365s ]
INFO: [ app_begin ] --START--
INFO: Run Behavior\ReadHtmlCacheBehavior [ RunTime:0.000486s ]
INFO: [ app_begin ] --END-- [ RunTime:0.000512s ]

[ 2017-11-20T02:22:51+08:00 ] 127.0.0.1 /login/2
INFO: [ app_init ] --START--
INFO: Run Behavior\BuildLiteBehavior [ RunTime:0.000006s ]
INFO: [ app_init ] --END-- [ RunTime:0.000230s ]
INFO: [ app_begin ] --START--
INFO: Run Behavior\ReadHtmlCacheBehavior [ RunTime:0.000293s ]
INFO: [ app_begin ] --END-- [ RunTime:0.000335s ]

[ 2017-11-20T02:22:52+08:00 ] 127.0.0.1 /login/2
INFO: [ app_init ] --START--
INFO: Run Behavior\BuildLiteBehavior [ RunTime:0.000006s ]
INFO: [ app_init ] --END-- [ RunTime:0.000284s ]
INFO: [ app_begin ] --START--
INFO: Run Behavior\ReadHtmlCacheBehavior [ RunTime:0.000286s ]
INFO: [ app_begin ] --END-- [ RunTime:0.000305s ]

[ 2017-11-20T02:22:52+08:00 ] 127.0.0.1 /login/2
INFO: [ app_init ] --START--
INFO: Run Behavior\BuildLiteBehavior [ RunTime:0.000006s ]
INFO: [ app_init ] --END-- [ RunTime:0.000230s ]
INFO: [ app_begin ] --START--
INFO: Run Behavior\ReadHtmlCacheBehavior [ RunTime:0.000292s ]
INFO: [ app_begin ] --END-- [ RunTime:0.000311s ]

[ 2017-11-20T02:22:54+08:00 ] 127.0.0.1 /login/2
INFO: [ app_init ] --START--
INFO: Run Behavior\BuildLiteBehavior [ RunTime:0.000006s ]
INFO: [ app_init ] --END-- [ RunTime:0.000224s ]
INFO: [ app_begin ] --START--
INFO: Run Behavior\ReadHtmlCacheBehavior [ RunTime:0.000283s ]
INFO: [ app_begin ] --END-- [ RunTime:0.000301s ]

[ 2017-11-20T02:22:56+08:00 ] 127.0.0.1 /login/3
INFO: [ app_init ] --START--
INFO: Run Behavior\BuildLiteBehavior [ RunTime:0.000005s ]
INFO: [ app_init ] --END-- [ RunTime:0.000227s ]
INFO: [ app_begin ] --START--
INFO: Run Behavior\ReadHtmlCacheBehavior [ RunTime:0.000289s ]
INFO: [ app_begin ] --END-- [ RunTime:0.000308s ]

[ 2017-11-20T02:23:09+08:00 ] 127.0.0.1 /login/3
INFO: [ app_init ] --START--
INFO: Run Behavior\BuildLiteBehavior [ RunTime:0.000005s ]
INFO: [ app_init ] --END-- [ RunTime:0.000226s ]
INFO: [ app_begin ] --START--
INFO: Run Behavior\ReadHtmlCacheBehavior [ RunTime:0.000290s ]
INFO: [ app_begin ] --END-- [ RunTime:0.000310s ]

[ 2017-11-20T02:23:10+08:00 ] 127.0.0.1 /login/3
INFO: [ app_init ] --START--
INFO: Run Behavior\BuildLiteBehavior [ RunTime:0.000005s ]
INFO: [ app_init ] --END-- [ RunTime:0.000229s ]
INFO: [ app_begin ] --START--
INFO: Run Behavior\ReadHtmlCacheBehavior [ RunTime:0.000348s ]
INFO: [ app_begin ] --END-- [ RunTime:0.000369s ]

[ 2017-11-20T02:23:11+08:00 ] 127.0.0.1 /login/4
INFO: [ app_init ] --START--
INFO: Run Behavior\BuildLiteBehavior [ RunTime:0.000006s ]
INFO: [ app_init ] --END-- [ RunTime:0.000224s ]
INFO: [ app_begin ] --START--
INFO: Run Behavior\ReadHtmlCacheBehavior [ RunTime:0.000311s ]
INFO: [ app_begin ] --END-- [ RunTime:0.000334s ]

[ 2017-11-20T02:23:13+08:00 ] 127.0.0.1 /login/5
INFO: [ app_init ] --START--
INFO: Run Behavior\BuildLiteBehavior [ RunTime:0.000006s ]
INFO: [ app_init ] --END-- [ RunTime:0.000299s ]
INFO: [ app_begin ] --START--
INFO: Run Behavior\ReadHtmlCacheBehavior [ RunTime:0.000286s ]
INFO: [ app_begin ] --END-- [ RunTime:0.000326s ]

[ 2017-11-20T02:27:17+08:00 ] 127.0.0.1 /login/5
INFO: [ app_init ] --START--
INFO: Run Behavior\BuildLiteBehavior [ RunTime:0.000006s ]
INFO: [ app_init ] --END-- [ RunTime:0.000281s ]
INFO: [ app_begin ] --START--
INFO: Run Behavior\ReadHtmlCacheBehavior [ RunTime:0.001750s ]
INFO: [ app_begin ] --END-- [ RunTime:0.001789s ]

[ 2017-11-20T02:29:23+08:00 ] 127.0.0.1 /login/5
INFO: [ app_init ] --START--
INFO: Run Behavior\BuildLiteBehavior [ RunTime:0.000006s ]
INFO: [ app_init ] --END-- [ RunTime:0.000377s ]
INFO: [ app_begin ] --START--
INFO: Run Behavior\ReadHtmlCacheBehavior [ RunTime:0.000694s ]
INFO: [ app_begin ] --END-- [ RunTime:0.000721s ]

[ 2017-11-20T02:29:30+08:00 ] 127.0.0.1 /login/5
INFO: [ app_init ] --START--
INFO: Run Behavior\BuildLiteBehavior [ RunTime:0.000005s ]
INFO: [ app_init ] --END-- [ RunTime:0.000268s ]
INFO: [ app_begin ] --START--
INFO: Run Behavior\ReadHtmlCacheBehavior [ RunTime:0.000621s ]
INFO: [ app_begin ] --END-- [ RunTime:0.000653s ]

[ 2017-11-20T02:30:47+08:00 ] 127.0.0.1 /login/5
INFO: [ app_init ] --START--
INFO: Run Behavior\BuildLiteBehavior [ RunTime:0.000007s ]
INFO: [ app_init ] --END-- [ RunTime:0.000246s ]
INFO: [ app_begin ] --START--
INFO: Run Behavior\ReadHtmlCacheBehavior [ RunTime:0.000351s ]
INFO: [ app_begin ] --END-- [ RunTime:0.000370s ]

[ 2017-11-20T02:34:51+08:00 ] 127.0.0.1 /login/5
INFO: [ app_init ] --START--
INFO: Run Behavior\BuildLiteBehavior [ RunTime:0.000007s ]
INFO: [ app_init ] --END-- [ RunTime:0.000339s ]
INFO: [ app_begin ] --START--
INFO: Run Behavior\ReadHtmlCacheBehavior [ RunTime:0.000496s ]
INFO: [ app_begin ] --END-- [ RunTime:0.000517s ]

[ 2017-11-20T02:34:55+08:00 ] 127.0.0.1 /login/
INFO: [ app_init ] --START--
INFO: Run Behavior\BuildLiteBehavior [ RunTime:0.000005s ]
INFO: [ app_init ] --END-- [ RunTime:0.000229s ]
INFO: [ app_begin ] --START--
INFO: Run Behavior\ReadHtmlCacheBehavior [ RunTime:0.000305s ]
INFO: [ app_begin ] --END-- [ RunTime:0.000325s ]

[ 2017-11-20T02:35:00+08:00 ] 127.0.0.1 /login?username=2
INFO: [ app_init ] --START--
INFO: Run Behavior\BuildLiteBehavior [ RunTime:0.000007s ]
INFO: [ app_init ] --END-- [ RunTime:0.000234s ]
INFO: [ app_begin ] --START--
INFO: Run Behavior\ReadHtmlCacheBehavior [ RunTime:0.000437s ]
INFO: [ app_begin ] --END-- [ RunTime:0.000503s ]
NOTIC: [8] Undefined variable: empty F:\XAMPP\htdocs\app\Application\Api\Controller\LoginController.class.php 第 37 行.
ERR: Function name must be a string

[ 2017-11-20T02:35:13+08:00 ] 127.0.0.1 /login?username=2
INFO: [ app_init ] --START--
INFO: Run Behavior\BuildLiteBehavior [ RunTime:0.000007s ]
INFO: [ app_init ] --END-- [ RunTime:0.000321s ]
INFO: [ app_begin ] --START--
INFO: Run Behavior\ReadHtmlCacheBehavior [ RunTime:0.000438s ]
INFO: [ app_begin ] --END-- [ RunTime:0.000484s ]

[ 2017-11-20T02:35:18+08:00 ] 127.0.0.1 /login?username=2&password=2
INFO: [ app_init ] --START--
INFO: Run Behavior\BuildLiteBehavior [ RunTime:0.000006s ]
INFO: [ app_init ] --END-- [ RunTime:0.000229s ]
INFO: [ app_begin ] --START--
INFO: Run Behavior\ReadHtmlCacheBehavior [ RunTime:0.000294s ]
INFO: [ app_begin ] --END-- [ RunTime:0.000313s ]
ERR: SQLSTATE[HY000] [1049] Unknown database 'app'

[ 2017-11-20T02:35:37+08:00 ] 127.0.0.1 /login?username=2&password=2
INFO: [ app_init ] --START--
INFO: Run Behavior\BuildLiteBehavior [ RunTime:0.000006s ]
INFO: [ app_init ] --END-- [ RunTime:0.000245s ]
INFO: [ app_begin ] --START--
INFO: Run Behavior\ReadHtmlCacheBehavior [ RunTime:0.000347s ]
INFO: [ app_begin ] --END-- [ RunTime:0.000366s ]
ERR: 1146:Table 'app.user' doesn't exist
 [ SQL语句 ] : SHOW COLUMNS FROM `user`
ERR: 1146:Table 'app.user' doesn't exist
 [ SQL语句 ] : SHOW COLUMNS FROM `user`

[ 2017-11-20T02:36:41+08:00 ] 127.0.0.1 /login?username=2&password=2
INFO: [ app_init ] --START--
INFO: Run Behavior\BuildLiteBehavior [ RunTime:0.000035s ]
INFO: [ app_init ] --END-- [ RunTime:0.000529s ]
INFO: [ app_begin ] --START--
INFO: Run Behavior\ReadHtmlCacheBehavior [ RunTime:0.000388s ]
INFO: [ app_begin ] --END-- [ RunTime:0.000409s ]
SQL: SHOW COLUMNS FROM `user` [ RunTime:0.0104s ]
ERR: Think\Model:getUser方法不存在！

[ 2017-11-20T02:37:42+08:00 ] 127.0.0.1 /login?username=2&password=2
INFO: [ app_init ] --START--
INFO: Run Behavior\BuildLiteBehavior [ RunTime:0.000006s ]
INFO: [ app_init ] --END-- [ RunTime:0.000328s ]
INFO: [ app_begin ] --START--
INFO: Run Behavior\ReadHtmlCacheBehavior [ RunTime:0.000448s ]
INFO: [ app_begin ] --END-- [ RunTime:0.000469s ]
ERR: syntax error, unexpected 'class' (T_CLASS), expecting ',' or ';'

[ 2017-11-20T02:37:48+08:00 ] 127.0.0.1 /login?username=2&password=2
INFO: [ app_init ] --START--
INFO: Run Behavior\BuildLiteBehavior [ RunTime:0.000006s ]
INFO: [ app_init ] --END-- [ RunTime:0.000324s ]
INFO: [ app_begin ] --START--
INFO: Run Behavior\ReadHtmlCacheBehavior [ RunTime:0.000476s ]
INFO: [ app_begin ] --END-- [ RunTime:0.000497s ]
SQL: SHOW COLUMNS FROM `user` [ RunTime:0.0127s ]

[ 2017-11-20T02:39:44+08:00 ] 127.0.0.1 /login?username=2&password=2
INFO: [ app_init ] --START--
INFO: Run Behavior\BuildLiteBehavior [ RunTime:0.000007s ]
INFO: [ app_init ] --END-- [ RunTime:0.000334s ]
INFO: [ app_begin ] --START--
INFO: Run Behavior\ReadHtmlCacheBehavior [ RunTime:0.000527s ]
INFO: [ app_begin ] --END-- [ RunTime:0.000548s ]
SQL: SHOW COLUMNS FROM `user` [ RunTime:0.0108s ]
SQL: SELECT `id`,`password`,`nick`,`headimgurl` FROM `user` WHERE ( username ) LIMIT 1   [ RunTime:0.0003s ]

[ 2017-11-20T02:39:44+08:00 ] 127.0.0.1 /login?username=2&password=2
INFO: [ app_init ] --START--
INFO: Run Behavior\BuildLiteBehavior [ RunTime:0.000006s ]
INFO: [ app_init ] --END-- [ RunTime:0.000230s ]
INFO: [ app_begin ] --START--
INFO: Run Behavior\ReadHtmlCacheBehavior [ RunTime:0.000334s ]
INFO: [ app_begin ] --END-- [ RunTime:0.000353s ]
SQL: SHOW COLUMNS FROM `user` [ RunTime:0.0046s ]
SQL: SELECT `id`,`password`,`nick`,`headimgurl` FROM `user` WHERE ( username ) LIMIT 1   [ RunTime:0.0002s ]

[ 2017-11-20T02:40:15+08:00 ] 127.0.0.1 /login?username=2&password=2
INFO: [ app_init ] --START--
INFO: Run Behavior\BuildLiteBehavior [ RunTime:0.000006s ]
INFO: [ app_init ] --END-- [ RunTime:0.000318s ]
INFO: [ app_begin ] --START--
INFO: Run Behavior\ReadHtmlCacheBehavior [ RunTime:0.000477s ]
INFO: [ app_begin ] --END-- [ RunTime:0.000497s ]
SQL: SHOW COLUMNS FROM `user` [ RunTime:0.0092s ]
SQL: SELECT `id`,`password`,`nick`,`headimgurl` FROM `user` WHERE ( username ) LIMIT 1   [ RunTime:0.0004s ]

[ 2017-11-20T02:40:16+08:00 ] 127.0.0.1 /login?username=2&password=2
INFO: [ app_init ] --START--
INFO: Run Behavior\BuildLiteBehavior [ RunTime:0.000005s ]
INFO: [ app_init ] --END-- [ RunTime:0.000232s ]
INFO: [ app_begin ] --START--
INFO: Run Behavior\ReadHtmlCacheBehavior [ RunTime:0.000293s ]
INFO: [ app_begin ] --END-- [ RunTime:0.000312s ]
SQL: SHOW COLUMNS FROM `user` [ RunTime:0.0124s ]
SQL: SELECT `id`,`password`,`nick`,`headimgurl` FROM `user` WHERE ( username ) LIMIT 1   [ RunTime:0.0003s ]

[ 2017-11-20T02:40:16+08:00 ] 127.0.0.1 /login?username=2&password=2
INFO: [ app_init ] --START--
INFO: Run Behavior\BuildLiteBehavior [ RunTime:0.000005s ]
INFO: [ app_init ] --END-- [ RunTime:0.000227s ]
INFO: [ app_begin ] --START--
INFO: Run Behavior\ReadHtmlCacheBehavior [ RunTime:0.000341s ]
INFO: [ app_begin ] --END-- [ RunTime:0.000361s ]
SQL: SHOW COLUMNS FROM `user` [ RunTime:0.0042s ]
SQL: SELECT `id`,`password`,`nick`,`headimgurl` FROM `user` WHERE ( username ) LIMIT 1   [ RunTime:0.0002s ]

[ 2017-11-20T02:40:21+08:00 ] 127.0.0.1 /login?username=gutian&password=2
INFO: [ app_init ] --START--
INFO: Run Behavior\BuildLiteBehavior [ RunTime:0.000006s ]
INFO: [ app_init ] --END-- [ RunTime:0.000265s ]
INFO: [ app_begin ] --START--
INFO: Run Behavior\ReadHtmlCacheBehavior [ RunTime:0.000291s ]
INFO: [ app_begin ] --END-- [ RunTime:0.000310s ]
SQL: SHOW COLUMNS FROM `user` [ RunTime:0.0113s ]
SQL: SELECT `id`,`password`,`nick`,`headimgurl` FROM `user` WHERE ( username ) LIMIT 1   [ RunTime:0.0003s ]

[ 2017-11-20T02:40:41+08:00 ] 127.0.0.1 /login?username=gutian&password=2
INFO: [ app_init ] --START--
INFO: Run Behavior\BuildLiteBehavior [ RunTime:0.000006s ]
INFO: [ app_init ] --END-- [ RunTime:0.000284s ]
INFO: [ app_begin ] --START--
INFO: Run Behavior\ReadHtmlCacheBehavior [ RunTime:0.000353s ]
INFO: [ app_begin ] --END-- [ RunTime:0.000374s ]
SQL: SHOW COLUMNS FROM `user` [ RunTime:0.0113s ]
SQL: SELECT `id`,`password`,`nick`,`headimgurl` FROM `user` WHERE ( username ) LIMIT 1   [ RunTime:0.0002s ]

[ 2017-11-20T02:40:56+08:00 ] 127.0.0.1 /login?username=gutian&password=2
INFO: [ app_init ] --START--
INFO: Run Behavior\BuildLiteBehavior [ RunTime:0.000005s ]
INFO: [ app_init ] --END-- [ RunTime:0.000230s ]
INFO: [ app_begin ] --START--
INFO: Run Behavior\ReadHtmlCacheBehavior [ RunTime:0.000325s ]
INFO: [ app_begin ] --END-- [ RunTime:0.000344s ]
SQL: SHOW COLUMNS FROM `user` [ RunTime:0.0093s ]
SQL: SELECT `id`,`password`,`nick`,`headimgurl` FROM `user` WHERE ( username ) LIMIT 1   [ RunTime:0.0002s ]
NOTIC: [2] Invalid argument supplied for foreach() F:\XAMPP\htdocs\app\ThinkPHP\Common\functions.php 第 1208 行.

[ 2017-11-20T02:41:16+08:00 ] 127.0.0.1 /login?username=gutian&password=2
INFO: [ app_init ] --START--
INFO: Run Behavior\BuildLiteBehavior [ RunTime:0.000005s ]
INFO: [ app_init ] --END-- [ RunTime:0.000282s ]
INFO: [ app_begin ] --START--
INFO: Run Behavior\ReadHtmlCacheBehavior [ RunTime:0.000304s ]
INFO: [ app_begin ] --END-- [ RunTime:0.000324s ]
SQL: SHOW COLUMNS FROM `user` [ RunTime:0.0104s ]
SQL: SELECT `id`,`password`,`nick`,`headimgurl` FROM `user` WHERE ( username ) LIMIT 1   [ RunTime:0.0003s ]
NOTIC: [2] Invalid argument supplied for foreach() F:\XAMPP\htdocs\app\ThinkPHP\Common\functions.php 第 1208 行.

[ 2017-11-20T02:41:24+08:00 ] 127.0.0.1 /login?username=gutian&password=2
INFO: [ app_init ] --START--
INFO: Run Behavior\BuildLiteBehavior [ RunTime:0.000008s ]
INFO: [ app_init ] --END-- [ RunTime:0.000354s ]
INFO: [ app_begin ] --START--
INFO: Run Behavior\ReadHtmlCacheBehavior [ RunTime:0.000913s ]
INFO: [ app_begin ] --END-- [ RunTime:0.000963s ]
SQL: SHOW COLUMNS FROM `user` [ RunTime:0.0108s ]
SQL: SELECT `id`,`password`,`nick`,`headimgurl` FROM `user` WHERE ( username ) LIMIT 1   [ RunTime:0.0002s ]

[ 2017-11-20T02:41:32+08:00 ] 127.0.0.1 /login?username=gutian&password=2
INFO: [ app_init ] --START--
INFO: Run Behavior\BuildLiteBehavior [ RunTime:0.000006s ]
INFO: [ app_init ] --END-- [ RunTime:0.000230s ]
INFO: [ app_begin ] --START--
INFO: Run Behavior\ReadHtmlCacheBehavior [ RunTime:0.000299s ]
INFO: [ app_begin ] --END-- [ RunTime:0.000318s ]
SQL: SHOW COLUMNS FROM `user` [ RunTime:0.0111s ]
SQL: SELECT `id`,`password`,`nick`,`headimgurl` FROM `user` WHERE ( username ) LIMIT 1   [ RunTime:0.0002s ]

[ 2017-11-20T02:41:53+08:00 ] 127.0.0.1 /login?username=gutian&password=2
INFO: [ app_init ] --START--
INFO: Run Behavior\BuildLiteBehavior [ RunTime:0.000005s ]
INFO: [ app_init ] --END-- [ RunTime:0.000280s ]
INFO: [ app_begin ] --START--
INFO: Run Behavior\ReadHtmlCacheBehavior [ RunTime:0.000318s ]
INFO: [ app_begin ] --END-- [ RunTime:0.000350s ]
SQL: SHOW COLUMNS FROM `user` [ RunTime:0.0113s ]

[ 2017-11-20T02:42:11+08:00 ] 127.0.0.1 /login?username=gutian&password=2
INFO: [ app_init ] --START--
INFO: Run Behavior\BuildLiteBehavior [ RunTime:0.000007s ]
INFO: [ app_init ] --END-- [ RunTime:0.000336s ]
INFO: [ app_begin ] --START--
INFO: Run Behavior\ReadHtmlCacheBehavior [ RunTime:0.000486s ]
INFO: [ app_begin ] --END-- [ RunTime:0.000506s ]
SQL: SHOW COLUMNS FROM `user` [ RunTime:0.0105s ]

[ 2017-11-20T02:42:17+08:00 ] 127.0.0.1 /login?username=gutian&password=2
INFO: [ app_init ] --START--
INFO: Run Behavior\BuildLiteBehavior [ RunTime:0.000007s ]
INFO: [ app_init ] --END-- [ RunTime:0.000314s ]
INFO: [ app_begin ] --START--
INFO: Run Behavior\ReadHtmlCacheBehavior [ RunTime:0.000450s ]
INFO: [ app_begin ] --END-- [ RunTime:0.000470s ]
SQL: SHOW COLUMNS FROM `user` [ RunTime:0.0112s ]

[ 2017-11-20T02:42:24+08:00 ] 127.0.0.1 /login?username=gutian&password=2
INFO: [ app_init ] --START--
INFO: Run Behavior\BuildLiteBehavior [ RunTime:0.000006s ]
INFO: [ app_init ] --END-- [ RunTime:0.000276s ]
INFO: [ app_begin ] --START--
INFO: Run Behavior\ReadHtmlCacheBehavior [ RunTime:0.000302s ]
INFO: [ app_begin ] --END-- [ RunTime:0.000322s ]
SQL: SHOW COLUMNS FROM `user` [ RunTime:0.0091s ]
SQL: SELECT `id`,`password`,`nick`,`headimgurl` FROM `user` WHERE ( username = "gutian" ) LIMIT 1   [ RunTime:0.0003s ]

[ 2017-11-20T02:42:31+08:00 ] 127.0.0.1 /login?username=gutian&password=2
INFO: [ app_init ] --START--
INFO: Run Behavior\BuildLiteBehavior [ RunTime:0.000006s ]
INFO: [ app_init ] --END-- [ RunTime:0.000265s ]
INFO: [ app_begin ] --START--
INFO: Run Behavior\ReadHtmlCacheBehavior [ RunTime:0.000413s ]
INFO: [ app_begin ] --END-- [ RunTime:0.000438s ]
SQL: SHOW COLUMNS FROM `user` [ RunTime:0.0103s ]
SQL: SELECT `id`,`password`,`nick`,`headimgurl` FROM `user` WHERE ( username = "gutian" ) LIMIT 1   [ RunTime:0.0003s ]

[ 2017-11-20T02:42:41+08:00 ] 127.0.0.1 /login?username=gutian&password=GT338570
INFO: [ app_init ] --START--
INFO: Run Behavior\BuildLiteBehavior [ RunTime:0.000005s ]
INFO: [ app_init ] --END-- [ RunTime:0.000273s ]
INFO: [ app_begin ] --START--
INFO: Run Behavior\ReadHtmlCacheBehavior [ RunTime:0.000376s ]
INFO: [ app_begin ] --END-- [ RunTime:0.000395s ]
SQL: SHOW COLUMNS FROM `user` [ RunTime:0.0090s ]
SQL: SELECT `id`,`password`,`nick`,`headimgurl` FROM `user` WHERE ( username = "gutian" ) LIMIT 1   [ RunTime:0.0002s ]
NOTIC: [8] Indirect modification of overloaded property Api\Controller\LoginController::$data has no effect F:\XAMPP\htdocs\app\Application\Api\Controller\LoginController.class.php 第 62 行.

[ 2017-11-20T02:42:49+08:00 ] 127.0.0.1 /login?username=gutian&password=GT338570
INFO: [ app_init ] --START--
INFO: Run Behavior\BuildLiteBehavior [ RunTime:0.000011s ]
INFO: [ app_init ] --END-- [ RunTime:0.000348s ]
INFO: [ app_begin ] --START--
INFO: Run Behavior\ReadHtmlCacheBehavior [ RunTime:0.000307s ]
INFO: [ app_begin ] --END-- [ RunTime:0.000328s ]
SQL: SHOW COLUMNS FROM `user` [ RunTime:0.0102s ]
SQL: SELECT `id`,`password`,`nick`,`headimgurl` FROM `user` WHERE ( username = "gutian" ) LIMIT 1   [ RunTime:0.0003s ]
NOTIC: [8] Indirect modification of overloaded property Api\Controller\LoginController::$data has no effect F:\XAMPP\htdocs\app\Application\Api\Controller\LoginController.class.php 第 62 行.

[ 2017-11-20T02:43:02+08:00 ] 127.0.0.1 /login?username=gutian&password=GT33857
INFO: [ app_init ] --START--
INFO: Run Behavior\BuildLiteBehavior [ RunTime:0.000005s ]
INFO: [ app_init ] --END-- [ RunTime:0.000269s ]
INFO: [ app_begin ] --START--
INFO: Run Behavior\ReadHtmlCacheBehavior [ RunTime:0.000291s ]
INFO: [ app_begin ] --END-- [ RunTime:0.000309s ]
SQL: SHOW COLUMNS FROM `user` [ RunTime:0.0109s ]
SQL: SELECT `id`,`password`,`nick`,`headimgurl` FROM `user` WHERE ( username = "gutian" ) LIMIT 1   [ RunTime:0.0002s ]

[ 2017-11-20T02:43:15+08:00 ] 127.0.0.1 /login?username=gutian&password=GT33857
INFO: [ app_init ] --START--
INFO: Run Behavior\BuildLiteBehavior [ RunTime:0.000006s ]
INFO: [ app_init ] --END-- [ RunTime:0.000263s ]
INFO: [ app_begin ] --START--
INFO: Run Behavior\ReadHtmlCacheBehavior [ RunTime:0.000344s ]
INFO: [ app_begin ] --END-- [ RunTime:0.000362s ]
SQL: SHOW COLUMNS FROM `user` [ RunTime:0.0109s ]
SQL: SELECT `id`,`password`,`nick`,`headimgurl` FROM `user` WHERE ( username = "gutian" ) LIMIT 1   [ RunTime:0.0004s ]

[ 2017-11-20T02:43:16+08:00 ] 127.0.0.1 /login?username=gutian&password=GT33857
INFO: [ app_init ] --START--
INFO: Run Behavior\BuildLiteBehavior [ RunTime:0.000007s ]
INFO: [ app_init ] --END-- [ RunTime:0.000239s ]
INFO: [ app_begin ] --START--
INFO: Run Behavior\ReadHtmlCacheBehavior [ RunTime:0.000301s ]
INFO: [ app_begin ] --END-- [ RunTime:0.000321s ]
SQL: SHOW COLUMNS FROM `user` [ RunTime:0.0135s ]
SQL: SELECT `id`,`password`,`nick`,`headimgurl` FROM `user` WHERE ( username = "gutian" ) LIMIT 1   [ RunTime:0.0003s ]

[ 2017-11-20T02:43:16+08:00 ] 127.0.0.1 /login?username=gutian&password=GT33857
INFO: [ app_init ] --START--
INFO: Run Behavior\BuildLiteBehavior [ RunTime:0.000006s ]
INFO: [ app_init ] --END-- [ RunTime:0.000230s ]
INFO: [ app_begin ] --START--
INFO: Run Behavior\ReadHtmlCacheBehavior [ RunTime:0.000585s ]
INFO: [ app_begin ] --END-- [ RunTime:0.000606s ]
SQL: SHOW COLUMNS FROM `user` [ RunTime:0.0043s ]
SQL: SELECT `id`,`password`,`nick`,`headimgurl` FROM `user` WHERE ( username = "gutian" ) LIMIT 1   [ RunTime:0.0002s ]

[ 2017-11-20T02:48:20+08:00 ] 127.0.0.1 /login?username=gutian&password=GT33857
INFO: [ app_init ] --START--
INFO: Run Behavior\BuildLiteBehavior [ RunTime:0.000006s ]
INFO: [ app_init ] --END-- [ RunTime:0.000288s ]
INFO: [ app_begin ] --START--
INFO: Run Behavior\ReadHtmlCacheBehavior [ RunTime:0.000485s ]
INFO: [ app_begin ] --END-- [ RunTime:0.000505s ]
SQL: SHOW COLUMNS FROM `user` [ RunTime:0.0166s ]
SQL: SELECT `id`,`password`,`nick`,`headimgurl` FROM `user` WHERE ( username = "gutian" ) LIMIT 1   [ RunTime:0.0003s ]

[ 2017-11-20T02:48:23+08:00 ] 127.0.0.1 /signup
INFO: [ app_init ] --START--
INFO: Run Behavior\BuildLiteBehavior [ RunTime:0.000006s ]
INFO: [ app_init ] --END-- [ RunTime:0.000232s ]
INFO: [ app_begin ] --START--
INFO: Run Behavior\ReadHtmlCacheBehavior [ RunTime:0.000332s ]
INFO: [ app_begin ] --END-- [ RunTime:0.000352s ]

[ 2017-11-20T02:48:30+08:00 ] 127.0.0.1 /signup
INFO: [ app_init ] --START--
INFO: Run Behavior\BuildLiteBehavior [ RunTime:0.000006s ]
INFO: [ app_init ] --END-- [ RunTime:0.000275s ]
INFO: [ app_begin ] --START--
INFO: Run Behavior\ReadHtmlCacheBehavior [ RunTime:0.000429s ]
INFO: [ app_begin ] --END-- [ RunTime:0.000448s ]

[ 2017-11-20T02:48:42+08:00 ] 127.0.0.1 /signup?username=gutian&password=GT338570
INFO: [ app_init ] --START--
INFO: Run Behavior\BuildLiteBehavior [ RunTime:0.000006s ]
INFO: [ app_init ] --END-- [ RunTime:0.000374s ]
INFO: [ app_begin ] --START--
INFO: Run Behavior\ReadHtmlCacheBehavior [ RunTime:0.000288s ]
INFO: [ app_begin ] --END-- [ RunTime:0.000306s ]
SQL: SHOW COLUMNS FROM `user` [ RunTime:0.0102s ]
SQL: SELECT `id`,`password`,`nick`,`headimgurl` FROM `user` WHERE ( username = "gutian" ) LIMIT 1   [ RunTime:0.0002s ]

[ 2017-11-20T02:48:49+08:00 ] 127.0.0.1 /signup?username=gutian&password=GT338570
INFO: [ app_init ] --START--
INFO: Run Behavior\BuildLiteBehavior [ RunTime:0.000006s ]
INFO: [ app_init ] --END-- [ RunTime:0.000233s ]
INFO: [ app_begin ] --START--
INFO: Run Behavior\ReadHtmlCacheBehavior [ RunTime:0.000304s ]
INFO: [ app_begin ] --END-- [ RunTime:0.000323s ]
SQL: SHOW COLUMNS FROM `user` [ RunTime:0.0165s ]
SQL: SELECT `id`,`password`,`nick`,`headimgurl` FROM `user` WHERE ( username = "gutian" ) LIMIT 1   [ RunTime:0.0002s ]
ERR: Think\Model:insUser方法不存在！

[ 2017-11-20T02:48:58+08:00 ] 127.0.0.1 /signup?username=gutian&password=GT338570
INFO: [ app_init ] --START--
INFO: Run Behavior\BuildLiteBehavior [ RunTime:0.000005s ]
INFO: [ app_init ] --END-- [ RunTime:0.000228s ]
INFO: [ app_begin ] --START--
INFO: Run Behavior\ReadHtmlCacheBehavior [ RunTime:0.000333s ]
INFO: [ app_begin ] --END-- [ RunTime:0.000352s ]
SQL: SHOW COLUMNS FROM `user` [ RunTime:0.0113s ]
SQL: SELECT `id`,`password`,`nick`,`headimgurl` FROM `user` WHERE ( username = "gutian" ) LIMIT 1   [ RunTime:0.0003s ]
SQL: INSERT INTO `user` () VALUES () [ RunTime:0.1041s ]
NOTIC: [8] Indirect modification of overloaded property Api\Controller\SignupController::$data has no effect F:\XAMPP\htdocs\app\Application\Api\Controller\SignupController.class.php 第 69 行.

[ 2017-11-20T02:49:00+08:00 ] 127.0.0.1 /signup?username=gutian&password=GT338570
INFO: [ app_init ] --START--
INFO: Run Behavior\BuildLiteBehavior [ RunTime:0.000005s ]
INFO: [ app_init ] --END-- [ RunTime:0.000231s ]
INFO: [ app_begin ] --START--
INFO: Run Behavior\ReadHtmlCacheBehavior [ RunTime:0.000300s ]
INFO: [ app_begin ] --END-- [ RunTime:0.000320s ]
SQL: SHOW COLUMNS FROM `user` [ RunTime:0.0094s ]
SQL: SELECT `id`,`password`,`nick`,`headimgurl` FROM `user` WHERE ( username = "gutian" ) LIMIT 1   [ RunTime:0.0003s ]
SQL: INSERT INTO `user` () VALUES () [ RunTime:0.0079s ]
NOTIC: [8] Indirect modification of overloaded property Api\Controller\SignupController::$data has no effect F:\XAMPP\htdocs\app\Application\Api\Controller\SignupController.class.php 第 69 行.

[ 2017-11-20T02:49:01+08:00 ] 127.0.0.1 /signup?username=gutian&password=GT338570
INFO: [ app_init ] --START--
INFO: Run Behavior\BuildLiteBehavior [ RunTime:0.000007s ]
INFO: [ app_init ] --END-- [ RunTime:0.000244s ]
INFO: [ app_begin ] --START--
INFO: Run Behavior\ReadHtmlCacheBehavior [ RunTime:0.000396s ]
INFO: [ app_begin ] --END-- [ RunTime:0.000420s ]
SQL: SHOW COLUMNS FROM `user` [ RunTime:0.0094s ]
SQL: SELECT `id`,`password`,`nick`,`headimgurl` FROM `user` WHERE ( username = "gutian" ) LIMIT 1   [ RunTime:0.0011s ]
SQL: INSERT INTO `user` () VALUES () [ RunTime:0.0458s ]
NOTIC: [8] Indirect modification of overloaded property Api\Controller\SignupController::$data has no effect F:\XAMPP\htdocs\app\Application\Api\Controller\SignupController.class.php 第 69 行.

[ 2017-11-20T02:49:01+08:00 ] 127.0.0.1 /signup?username=gutian&password=GT338570
INFO: [ app_init ] --START--
INFO: Run Behavior\BuildLiteBehavior [ RunTime:0.000010s ]
INFO: [ app_init ] --END-- [ RunTime:0.000332s ]
INFO: [ app_begin ] --START--
INFO: Run Behavior\ReadHtmlCacheBehavior [ RunTime:0.000374s ]
INFO: [ app_begin ] --END-- [ RunTime:0.000441s ]
SQL: SHOW COLUMNS FROM `user` [ RunTime:0.0042s ]
SQL: SELECT `id`,`password`,`nick`,`headimgurl` FROM `user` WHERE ( username = "gutian" ) LIMIT 1   [ RunTime:0.0002s ]
SQL: INSERT INTO `user` () VALUES () [ RunTime:0.0408s ]
NOTIC: [8] Indirect modification of overloaded property Api\Controller\SignupController::$data has no effect F:\XAMPP\htdocs\app\Application\Api\Controller\SignupController.class.php 第 69 行.

[ 2017-11-20T02:49:01+08:00 ] 127.0.0.1 /signup?username=gutian&password=GT338570
INFO: [ app_init ] --START--
INFO: Run Behavior\BuildLiteBehavior [ RunTime:0.000019s ]
INFO: [ app_init ] --END-- [ RunTime:0.000391s ]
INFO: [ app_begin ] --START--
INFO: Run Behavior\ReadHtmlCacheBehavior [ RunTime:0.001110s ]
INFO: [ app_begin ] --END-- [ RunTime:0.001226s ]
SQL: SHOW COLUMNS FROM `user` [ RunTime:0.0050s ]
SQL: SELECT `id`,`password`,`nick`,`headimgurl` FROM `user` WHERE ( username = "gutian" ) LIMIT 1   [ RunTime:0.0005s ]
SQL: INSERT INTO `user` () VALUES () [ RunTime:0.0227s ]
NOTIC: [8] Indirect modification of overloaded property Api\Controller\SignupController::$data has no effect F:\XAMPP\htdocs\app\Application\Api\Controller\SignupController.class.php 第 69 行.

[ 2017-11-20T03:04:41+08:00 ] 127.0.0.1 /signup?username=gutian&password=GT338570
INFO: [ app_init ] --START--
INFO: Run Behavior\BuildLiteBehavior [ RunTime:0.000007s ]
INFO: [ app_init ] --END-- [ RunTime:0.000373s ]
INFO: [ app_begin ] --START--
INFO: Run Behavior\ReadHtmlCacheBehavior [ RunTime:0.000488s ]
INFO: [ app_begin ] --END-- [ RunTime:0.000508s ]
SQL: SHOW COLUMNS FROM `user` [ RunTime:0.0157s ]
SQL: SELECT `id`,`password`,`nick`,`headimgurl` FROM `user` WHERE ( username = "gutian" ) LIMIT 1   [ RunTime:0.0003s ]

[ 2017-11-20T03:05:18+08:00 ] 127.0.0.1 /signup?username=gutian&password=GT338570
INFO: [ app_init ] --START--
INFO: Run Behavior\BuildLiteBehavior [ RunTime:0.000009s ]
INFO: [ app_init ] --END-- [ RunTime:0.000334s ]
INFO: [ app_begin ] --START--
INFO: Run Behavior\ReadHtmlCacheBehavior [ RunTime:0.000554s ]
INFO: [ app_begin ] --END-- [ RunTime:0.000587s ]
SQL: SHOW COLUMNS FROM `user` [ RunTime:0.0124s ]
SQL: SELECT `id`,`password`,`nick`,`headimgurl` FROM `user` WHERE ( username = "gutian" ) LIMIT 1   [ RunTime:0.0002s ]
SQL: INSERT INTO `user` (`username`,`password`,`nick`,`headimgurl`) VALUES ('gutian','753a524453f0bdffa92b744ff38bb5c6','gutian','/headimg/default.png') [ RunTime:0.0939s ]
NOTIC: [8] Indirect modification of overloaded property Api\Controller\SignupController::$data has no effect F:\XAMPP\htdocs\app\Application\Api\Controller\SignupController.class.php 第 69 行.

[ 2017-11-20T03:05:29+08:00 ] 127.0.0.1 /login?username=gutian&password=GT338570
INFO: [ app_init ] --START--
INFO: Run Behavior\BuildLiteBehavior [ RunTime:0.000006s ]
INFO: [ app_init ] --END-- [ RunTime:0.000270s ]
INFO: [ app_begin ] --START--
INFO: Run Behavior\ReadHtmlCacheBehavior [ RunTime:0.000339s ]
INFO: [ app_begin ] --END-- [ RunTime:0.000358s ]
SQL: SHOW COLUMNS FROM `user` [ RunTime:0.0095s ]
SQL: SELECT `id`,`password`,`nick`,`headimgurl` FROM `user` WHERE ( username = "gutian" ) LIMIT 1   [ RunTime:0.0003s ]
NOTIC: [8] Indirect modification of overloaded property Api\Controller\LoginController::$data has no effect F:\XAMPP\htdocs\app\Application\Api\Controller\LoginController.class.php 第 63 行.

[ 2017-11-20T03:05:35+08:00 ] 127.0.0.1 /signup?username=gutian&password=GT338570
INFO: [ app_init ] --START--
INFO: Run Behavior\BuildLiteBehavior [ RunTime:0.000008s ]
INFO: [ app_init ] --END-- [ RunTime:0.000297s ]
INFO: [ app_begin ] --START--
INFO: Run Behavior\ReadHtmlCacheBehavior [ RunTime:0.000480s ]
INFO: [ app_begin ] --END-- [ RunTime:0.000499s ]
SQL: SHOW COLUMNS FROM `user` [ RunTime:0.0116s ]
SQL: SELECT `id`,`password`,`nick`,`headimgurl` FROM `user` WHERE ( username = "gutian" ) LIMIT 1   [ RunTime:0.0003s ]

[ 2017-11-20T03:06:06+08:00 ] 127.0.0.1 /signup?username=gutian2&password=GT338570
INFO: [ app_init ] --START--
INFO: Run Behavior\BuildLiteBehavior [ RunTime:0.000012s ]
INFO: [ app_init ] --END-- [ RunTime:0.000277s ]
INFO: [ app_begin ] --START--
INFO: Run Behavior\ReadHtmlCacheBehavior [ RunTime:0.000312s ]
INFO: [ app_begin ] --END-- [ RunTime:0.000331s ]
SQL: SHOW COLUMNS FROM `user` [ RunTime:0.0109s ]
SQL: SELECT `id`,`password`,`nick`,`headimgurl` FROM `user` WHERE ( username = "gutian2" ) LIMIT 1   [ RunTime:0.0002s ]
SQL: INSERT INTO `user` (`username`,`password`,`nick`,`headimgurl`) VALUES ('gutian2','753a524453f0bdffa92b744ff38bb5c6','gutian2','/headimg/default.png') [ RunTime:0.3439s ]
NOTIC: [8] Indirect modification of overloaded property Api\Controller\SignupController::$data has no effect F:\XAMPP\htdocs\app\Application\Api\Controller\SignupController.class.php 第 69 行.

[ 2017-11-20T03:08:18+08:00 ] 127.0.0.1 /signup?username=gutian4&password=GT338570
INFO: [ app_init ] --START--
INFO: Run Behavior\BuildLiteBehavior [ RunTime:0.000007s ]
INFO: [ app_init ] --END-- [ RunTime:0.000290s ]
INFO: [ app_begin ] --START--
INFO: Run Behavior\ReadHtmlCacheBehavior [ RunTime:0.000501s ]
INFO: [ app_begin ] --END-- [ RunTime:0.000520s ]
SQL: SHOW COLUMNS FROM `user` [ RunTime:0.0104s ]
SQL: SELECT `id`,`password`,`nick`,`headimgurl` FROM `user` WHERE ( username = "gutian4" ) LIMIT 1   [ RunTime:0.0003s ]
SQL: INSERT INTO `user` (`username`,`password`,`nick`,`headimgurl`) VALUES ('gutian4','753a524453f0bdffa92b744ff38bb5c6','gutian4','/headimg/default.png') [ RunTime:0.0824s ]
NOTIC: [8] Indirect modification of overloaded property Api\Controller\SignupController::$data has no effect F:\XAMPP\htdocs\app\Application\Api\Controller\SignupController.class.php 第 69 行.

[ 2017-11-20T03:08:32+08:00 ] 127.0.0.1 /signup?username=gutian5&password=GT338570
INFO: [ app_init ] --START--
INFO: Run Behavior\BuildLiteBehavior [ RunTime:0.000006s ]
INFO: [ app_init ] --END-- [ RunTime:0.000276s ]
INFO: [ app_begin ] --START--
INFO: Run Behavior\ReadHtmlCacheBehavior [ RunTime:0.000501s ]
INFO: [ app_begin ] --END-- [ RunTime:0.000561s ]
SQL: SHOW COLUMNS FROM `user` [ RunTime:0.0093s ]
SQL: SELECT `id`,`password`,`nick`,`headimgurl` FROM `user` WHERE ( username = "gutian5" ) LIMIT 1   [ RunTime:0.0003s ]
SQL: INSERT INTO `user` (`username`,`password`,`nick`,`headimgurl`) VALUES ('gutian5','753a524453f0bdffa92b744ff38bb5c6','gutian5','/headimg/default.png') [ RunTime:0.0844s ]
NOTIC: [8] Indirect modification of overloaded property Api\Controller\SignupController::$data has no effect F:\XAMPP\htdocs\app\Application\Api\Controller\SignupController.class.php 第 69 行.

[ 2017-11-20T03:18:54+08:00 ] 127.0.0.1 /signup?username=gutian5&password=GT338570.json
INFO: [ app_init ] --START--
INFO: Run Behavior\BuildLiteBehavior [ RunTime:0.000006s ]
INFO: [ app_init ] --END-- [ RunTime:0.000351s ]
INFO: [ app_begin ] --START--
INFO: Run Behavior\ReadHtmlCacheBehavior [ RunTime:0.000423s ]
INFO: [ app_begin ] --END-- [ RunTime:0.000442s ]

[ 2017-11-20T03:19:01+08:00 ] 127.0.0.1 /signup?username=gutian5&password=GT338570
INFO: [ app_init ] --START--
INFO: Run Behavior\BuildLiteBehavior [ RunTime:0.000006s ]
INFO: [ app_init ] --END-- [ RunTime:0.000280s ]
INFO: [ app_begin ] --START--
INFO: Run Behavior\ReadHtmlCacheBehavior [ RunTime:0.000450s ]
INFO: [ app_begin ] --END-- [ RunTime:0.000471s ]

[ 2017-11-20T03:19:15+08:00 ] 127.0.0.1 /signup?username=gutian5&password=GT338570.json
INFO: [ app_init ] --START--
INFO: Run Behavior\BuildLiteBehavior [ RunTime:0.000005s ]
INFO: [ app_init ] --END-- [ RunTime:0.000230s ]
INFO: [ app_begin ] --START--
INFO: Run Behavior\ReadHtmlCacheBehavior [ RunTime:0.000300s ]
INFO: [ app_begin ] --END-- [ RunTime:0.000319s ]

[ 2017-11-20T03:19:35+08:00 ] 127.0.0.1 /login?username=gutian5&password=GT338570.json
INFO: [ app_init ] --START--
INFO: Run Behavior\BuildLiteBehavior [ RunTime:0.000007s ]
INFO: [ app_init ] --END-- [ RunTime:0.000318s ]
INFO: [ app_begin ] --START--
INFO: Run Behavior\ReadHtmlCacheBehavior [ RunTime:0.000343s ]
INFO: [ app_begin ] --END-- [ RunTime:0.000365s ]
SQL: SHOW COLUMNS FROM `user` [ RunTime:0.0096s ]
SQL: SELECT `id`,`password`,`nick`,`headimgurl` FROM `user` WHERE ( username = "gutian5" ) LIMIT 1   [ RunTime:0.0003s ]

[ 2017-11-20T03:19:52+08:00 ] 127.0.0.1 /login
INFO: [ app_init ] --START--
INFO: Run Behavior\BuildLiteBehavior [ RunTime:0.000010s ]
INFO: [ app_init ] --END-- [ RunTime:0.000329s ]
INFO: [ app_begin ] --START--
INFO: Run Behavior\ReadHtmlCacheBehavior [ RunTime:0.000303s ]
INFO: [ app_begin ] --END-- [ RunTime:0.000324s ]

[ 2017-11-20T21:20:23+08:00 ] 127.0.0.1 /comments
INFO: [ app_init ] --START--
INFO: Run Behavior\BuildLiteBehavior [ RunTime:0.000014s ]
INFO: [ app_init ] --END-- [ RunTime:0.016491s ]
INFO: [ app_begin ] --START--
INFO: Run Behavior\ReadHtmlCacheBehavior [ RunTime:0.029989s ]
INFO: [ app_begin ] --END-- [ RunTime:0.030020s ]

